<?xml version="1.0" ?>
<testsuites disabled="0" errors="0" failures="0" tests="69" time="36.67353796958923">
	<testsuite disabled="0" errors="0" failures="0" name="git_acp-7rnca0gp" skipped="0" tests="69" time="36.67353796958923">
		<testcase name="[testhost] testhost: Gathering Facts gather_subset=['all'], gather_timeout=10" time="1.764127">
			<system-out>{
&quot;ansible_facts&quot;: {
&quot;ansible_apparmor&quot;: {
&quot;status&quot;: &quot;disabled&quot;
},
&quot;ansible_architecture&quot;: &quot;x86_64&quot;,
&quot;ansible_bios_date&quot;: &quot;03/14/2014&quot;,
&quot;ansible_bios_vendor&quot;: &quot;BHYVE&quot;,
&quot;ansible_bios_version&quot;: &quot;1.00&quot;,
&quot;ansible_board_asset_tag&quot;: &quot;NA&quot;,
&quot;ansible_board_name&quot;: &quot;NA&quot;,
&quot;ansible_board_serial&quot;: &quot;NA&quot;,
&quot;ansible_board_vendor&quot;: &quot;NA&quot;,
&quot;ansible_board_version&quot;: &quot;NA&quot;,
&quot;ansible_chassis_asset_tag&quot;: &quot;None&quot;,
&quot;ansible_chassis_serial&quot;: &quot;None&quot;,
&quot;ansible_chassis_vendor&quot;: &quot;NA&quot;,
&quot;ansible_chassis_version&quot;: &quot;1.0&quot;,
&quot;ansible_cmdline&quot;: {
&quot;BOOT_IMAGE&quot;: &quot;/boot/kernel&quot;,
&quot;console&quot;: &quot;ttyS1&quot;,
&quot;page_poison&quot;: &quot;1&quot;,
&quot;panic&quot;: &quot;1&quot;,
&quot;root&quot;: &quot;/dev/sr0&quot;,
&quot;text&quot;: true,
&quot;vsyscall&quot;: &quot;emulate&quot;
},
&quot;ansible_date_time&quot;: {
&quot;date&quot;: &quot;2020-10-28&quot;,
&quot;day&quot;: &quot;28&quot;,
&quot;epoch&quot;: &quot;1603876342&quot;,
&quot;hour&quot;: &quot;09&quot;,
&quot;iso8601&quot;: &quot;2020-10-28T09:12:22Z&quot;,
&quot;iso8601_basic&quot;: &quot;20201028T091222508005&quot;,
&quot;iso8601_basic_short&quot;: &quot;20201028T091222&quot;,
&quot;iso8601_micro&quot;: &quot;2020-10-28T09:12:22.508005Z&quot;,
&quot;minute&quot;: &quot;12&quot;,
&quot;month&quot;: &quot;10&quot;,
&quot;second&quot;: &quot;22&quot;,
&quot;time&quot;: &quot;09:12:22&quot;,
&quot;tz&quot;: &quot;UTC&quot;,
&quot;tz_offset&quot;: &quot;+0000&quot;,
&quot;weekday&quot;: &quot;Wednesday&quot;,
&quot;weekday_number&quot;: &quot;3&quot;,
&quot;weeknumber&quot;: &quot;43&quot;,
&quot;year&quot;: &quot;2020&quot;
},
&quot;ansible_device_links&quot;: {
&quot;ids&quot;: {},
&quot;labels&quot;: {},
&quot;masters&quot;: {},
&quot;uuids&quot;: {}
},
&quot;ansible_devices&quot;: {
&quot;loop0&quot;: {
&quot;holders&quot;: [],
&quot;host&quot;: &quot;&quot;,
&quot;links&quot;: {
&quot;ids&quot;: [],
&quot;labels&quot;: [],
&quot;masters&quot;: [],
&quot;uuids&quot;: []
},
&quot;model&quot;: null,
&quot;partitions&quot;: {},
&quot;removable&quot;: &quot;0&quot;,
&quot;rotational&quot;: &quot;1&quot;,
&quot;sas_address&quot;: null,
&quot;sas_device_handle&quot;: null,
&quot;scheduler_mode&quot;: &quot;mq-deadline&quot;,
&quot;sectors&quot;: &quot;0&quot;,
&quot;sectorsize&quot;: &quot;512&quot;,
&quot;size&quot;: &quot;0.00 Bytes&quot;,
&quot;support_discard&quot;: &quot;0&quot;,
&quot;vendor&quot;: null,
&quot;virtual&quot;: 1
},
&quot;loop1&quot;: {
&quot;holders&quot;: [],
&quot;host&quot;: &quot;&quot;,
&quot;links&quot;: {
&quot;ids&quot;: [],
&quot;labels&quot;: [],
&quot;masters&quot;: [],
&quot;uuids&quot;: []
},
&quot;model&quot;: null,
&quot;partitions&quot;: {},
&quot;removable&quot;: &quot;0&quot;,
&quot;rotational&quot;: &quot;1&quot;,
&quot;sas_address&quot;: null,
&quot;sas_device_handle&quot;: null,
&quot;scheduler_mode&quot;: &quot;mq-deadline&quot;,
&quot;sectors&quot;: &quot;0&quot;,
&quot;sectorsize&quot;: &quot;512&quot;,
&quot;size&quot;: &quot;0.00 Bytes&quot;,
&quot;support_discard&quot;: &quot;0&quot;,
&quot;vendor&quot;: null,
&quot;virtual&quot;: 1
},
&quot;loop2&quot;: {
&quot;holders&quot;: [],
&quot;host&quot;: &quot;&quot;,
&quot;links&quot;: {
&quot;ids&quot;: [],
&quot;labels&quot;: [],
&quot;masters&quot;: [],
&quot;uuids&quot;: []
},
&quot;model&quot;: null,
&quot;partitions&quot;: {},
&quot;removable&quot;: &quot;0&quot;,
&quot;rotational&quot;: &quot;1&quot;,
&quot;sas_address&quot;: null,
&quot;sas_device_handle&quot;: null,
&quot;scheduler_mode&quot;: &quot;mq-deadline&quot;,
&quot;sectors&quot;: &quot;0&quot;,
&quot;sectorsize&quot;: &quot;512&quot;,
&quot;size&quot;: &quot;0.00 Bytes&quot;,
&quot;support_discard&quot;: &quot;0&quot;,
&quot;vendor&quot;: null,
&quot;virtual&quot;: 1
},
&quot;loop3&quot;: {
&quot;holders&quot;: [],
&quot;host&quot;: &quot;&quot;,
&quot;links&quot;: {
&quot;ids&quot;: [],
&quot;labels&quot;: [],
&quot;masters&quot;: [],
&quot;uuids&quot;: []
},
&quot;model&quot;: null,
&quot;partitions&quot;: {},
&quot;removable&quot;: &quot;0&quot;,
&quot;rotational&quot;: &quot;1&quot;,
&quot;sas_address&quot;: null,
&quot;sas_device_handle&quot;: null,
&quot;scheduler_mode&quot;: &quot;mq-deadline&quot;,
&quot;sectors&quot;: &quot;0&quot;,
&quot;sectorsize&quot;: &quot;512&quot;,
&quot;size&quot;: &quot;0.00 Bytes&quot;,
&quot;support_discard&quot;: &quot;0&quot;,
&quot;vendor&quot;: null,
&quot;virtual&quot;: 1
},
&quot;loop4&quot;: {
&quot;holders&quot;: [],
&quot;host&quot;: &quot;&quot;,
&quot;links&quot;: {
&quot;ids&quot;: [],
&quot;labels&quot;: [],
&quot;masters&quot;: [],
&quot;uuids&quot;: []
},
&quot;model&quot;: null,
&quot;partitions&quot;: {},
&quot;removable&quot;: &quot;0&quot;,
&quot;rotational&quot;: &quot;1&quot;,
&quot;sas_address&quot;: null,
&quot;sas_device_handle&quot;: null,
&quot;scheduler_mode&quot;: &quot;mq-deadline&quot;,
&quot;sectors&quot;: &quot;0&quot;,
&quot;sectorsize&quot;: &quot;512&quot;,
&quot;size&quot;: &quot;0.00 Bytes&quot;,
&quot;support_discard&quot;: &quot;0&quot;,
&quot;vendor&quot;: null,
&quot;virtual&quot;: 1
},
&quot;loop5&quot;: {
&quot;holders&quot;: [],
&quot;host&quot;: &quot;&quot;,
&quot;links&quot;: {
&quot;ids&quot;: [],
&quot;labels&quot;: [],
&quot;masters&quot;: [],
&quot;uuids&quot;: []
},
&quot;model&quot;: null,
&quot;partitions&quot;: {},
&quot;removable&quot;: &quot;0&quot;,
&quot;rotational&quot;: &quot;1&quot;,
&quot;sas_address&quot;: null,
&quot;sas_device_handle&quot;: null,
&quot;scheduler_mode&quot;: &quot;mq-deadline&quot;,
&quot;sectors&quot;: &quot;0&quot;,
&quot;sectorsize&quot;: &quot;512&quot;,
&quot;size&quot;: &quot;0.00 Bytes&quot;,
&quot;support_discard&quot;: &quot;0&quot;,
&quot;vendor&quot;: null,
&quot;virtual&quot;: 1
},
&quot;loop6&quot;: {
&quot;holders&quot;: [],
&quot;host&quot;: &quot;&quot;,
&quot;links&quot;: {
&quot;ids&quot;: [],
&quot;labels&quot;: [],
&quot;masters&quot;: [],
&quot;uuids&quot;: []
},
&quot;model&quot;: null,
&quot;partitions&quot;: {},
&quot;removable&quot;: &quot;0&quot;,
&quot;rotational&quot;: &quot;1&quot;,
&quot;sas_address&quot;: null,
&quot;sas_device_handle&quot;: null,
&quot;scheduler_mode&quot;: &quot;mq-deadline&quot;,
&quot;sectors&quot;: &quot;0&quot;,
&quot;sectorsize&quot;: &quot;512&quot;,
&quot;size&quot;: &quot;0.00 Bytes&quot;,
&quot;support_discard&quot;: &quot;0&quot;,
&quot;vendor&quot;: null,
&quot;virtual&quot;: 1
},
&quot;loop7&quot;: {
&quot;holders&quot;: [],
&quot;host&quot;: &quot;&quot;,
&quot;links&quot;: {
&quot;ids&quot;: [],
&quot;labels&quot;: [],
&quot;masters&quot;: [],
&quot;uuids&quot;: []
},
&quot;model&quot;: null,
&quot;partitions&quot;: {},
&quot;removable&quot;: &quot;0&quot;,
&quot;rotational&quot;: &quot;1&quot;,
&quot;sas_address&quot;: null,
&quot;sas_device_handle&quot;: null,
&quot;scheduler_mode&quot;: &quot;mq-deadline&quot;,
&quot;sectors&quot;: &quot;0&quot;,
&quot;sectorsize&quot;: &quot;512&quot;,
&quot;size&quot;: &quot;0.00 Bytes&quot;,
&quot;support_discard&quot;: &quot;0&quot;,
&quot;vendor&quot;: null,
&quot;virtual&quot;: 1
},
&quot;nbd0&quot;: {
&quot;holders&quot;: [],
&quot;host&quot;: &quot;&quot;,
&quot;links&quot;: {
&quot;ids&quot;: [],
&quot;labels&quot;: [],
&quot;masters&quot;: [],
&quot;uuids&quot;: []
},
&quot;model&quot;: null,
&quot;partitions&quot;: {},
&quot;removable&quot;: &quot;0&quot;,
&quot;rotational&quot;: &quot;0&quot;,
&quot;sas_address&quot;: null,
&quot;sas_device_handle&quot;: null,
&quot;scheduler_mode&quot;: &quot;mq-deadline&quot;,
&quot;sectors&quot;: &quot;0&quot;,
&quot;sectorsize&quot;: &quot;512&quot;,
&quot;size&quot;: &quot;0.00 Bytes&quot;,
&quot;support_discard&quot;: &quot;0&quot;,
&quot;vendor&quot;: null,
&quot;virtual&quot;: 1
},
&quot;nbd1&quot;: {
&quot;holders&quot;: [],
&quot;host&quot;: &quot;&quot;,
&quot;links&quot;: {
&quot;ids&quot;: [],
&quot;labels&quot;: [],
&quot;masters&quot;: [],
&quot;uuids&quot;: []
},
&quot;model&quot;: null,
&quot;partitions&quot;: {},
&quot;removable&quot;: &quot;0&quot;,
&quot;rotational&quot;: &quot;0&quot;,
&quot;sas_address&quot;: null,
&quot;sas_device_handle&quot;: null,
&quot;scheduler_mode&quot;: &quot;mq-deadline&quot;,
&quot;sectors&quot;: &quot;0&quot;,
&quot;sectorsize&quot;: &quot;512&quot;,
&quot;size&quot;: &quot;0.00 Bytes&quot;,
&quot;support_discard&quot;: &quot;0&quot;,
&quot;vendor&quot;: null,
&quot;virtual&quot;: 1
},
&quot;nbd10&quot;: {
&quot;holders&quot;: [],
&quot;host&quot;: &quot;&quot;,
&quot;links&quot;: {
&quot;ids&quot;: [],
&quot;labels&quot;: [],
&quot;masters&quot;: [],
&quot;uuids&quot;: []
},
&quot;model&quot;: null,
&quot;partitions&quot;: {},
&quot;removable&quot;: &quot;0&quot;,
&quot;rotational&quot;: &quot;0&quot;,
&quot;sas_address&quot;: null,
&quot;sas_device_handle&quot;: null,
&quot;scheduler_mode&quot;: &quot;mq-deadline&quot;,
&quot;sectors&quot;: &quot;0&quot;,
&quot;sectorsize&quot;: &quot;512&quot;,
&quot;size&quot;: &quot;0.00 Bytes&quot;,
&quot;support_discard&quot;: &quot;0&quot;,
&quot;vendor&quot;: null,
&quot;virtual&quot;: 1
},
&quot;nbd11&quot;: {
&quot;holders&quot;: [],
&quot;host&quot;: &quot;&quot;,
&quot;links&quot;: {
&quot;ids&quot;: [],
&quot;labels&quot;: [],
&quot;masters&quot;: [],
&quot;uuids&quot;: []
},
&quot;model&quot;: null,
&quot;partitions&quot;: {},
&quot;removable&quot;: &quot;0&quot;,
&quot;rotational&quot;: &quot;0&quot;,
&quot;sas_address&quot;: null,
&quot;sas_device_handle&quot;: null,
&quot;scheduler_mode&quot;: &quot;mq-deadline&quot;,
&quot;sectors&quot;: &quot;0&quot;,
&quot;sectorsize&quot;: &quot;512&quot;,
&quot;size&quot;: &quot;0.00 Bytes&quot;,
&quot;support_discard&quot;: &quot;0&quot;,
&quot;vendor&quot;: null,
&quot;virtual&quot;: 1
},
&quot;nbd12&quot;: {
&quot;holders&quot;: [],
&quot;host&quot;: &quot;&quot;,
&quot;links&quot;: {
&quot;ids&quot;: [],
&quot;labels&quot;: [],
&quot;masters&quot;: [],
&quot;uuids&quot;: []
},
&quot;model&quot;: null,
&quot;partitions&quot;: {},
&quot;removable&quot;: &quot;0&quot;,
&quot;rotational&quot;: &quot;0&quot;,
&quot;sas_address&quot;: null,
&quot;sas_device_handle&quot;: null,
&quot;scheduler_mode&quot;: &quot;mq-deadline&quot;,
&quot;sectors&quot;: &quot;0&quot;,
&quot;sectorsize&quot;: &quot;512&quot;,
&quot;size&quot;: &quot;0.00 Bytes&quot;,
&quot;support_discard&quot;: &quot;0&quot;,
&quot;vendor&quot;: null,
&quot;virtual&quot;: 1
},
&quot;nbd13&quot;: {
&quot;holders&quot;: [],
&quot;host&quot;: &quot;&quot;,
&quot;links&quot;: {
&quot;ids&quot;: [],
&quot;labels&quot;: [],
&quot;masters&quot;: [],
&quot;uuids&quot;: []
},
&quot;model&quot;: null,
&quot;partitions&quot;: {},
&quot;removable&quot;: &quot;0&quot;,
&quot;rotational&quot;: &quot;0&quot;,
&quot;sas_address&quot;: null,
&quot;sas_device_handle&quot;: null,
&quot;scheduler_mode&quot;: &quot;mq-deadline&quot;,
&quot;sectors&quot;: &quot;0&quot;,
&quot;sectorsize&quot;: &quot;512&quot;,
&quot;size&quot;: &quot;0.00 Bytes&quot;,
&quot;support_discard&quot;: &quot;0&quot;,
&quot;vendor&quot;: null,
&quot;virtual&quot;: 1
},
&quot;nbd14&quot;: {
&quot;holders&quot;: [],
&quot;host&quot;: &quot;&quot;,
&quot;links&quot;: {
&quot;ids&quot;: [],
&quot;labels&quot;: [],
&quot;masters&quot;: [],
&quot;uuids&quot;: []
},
&quot;model&quot;: null,
&quot;partitions&quot;: {},
&quot;removable&quot;: &quot;0&quot;,
&quot;rotational&quot;: &quot;0&quot;,
&quot;sas_address&quot;: null,
&quot;sas_device_handle&quot;: null,
&quot;scheduler_mode&quot;: &quot;mq-deadline&quot;,
&quot;sectors&quot;: &quot;0&quot;,
&quot;sectorsize&quot;: &quot;512&quot;,
&quot;size&quot;: &quot;0.00 Bytes&quot;,
&quot;support_discard&quot;: &quot;0&quot;,
&quot;vendor&quot;: null,
&quot;virtual&quot;: 1
},
&quot;nbd15&quot;: {
&quot;holders&quot;: [],
&quot;host&quot;: &quot;&quot;,
&quot;links&quot;: {
&quot;ids&quot;: [],
&quot;labels&quot;: [],
&quot;masters&quot;: [],
&quot;uuids&quot;: []
},
&quot;model&quot;: null,
&quot;partitions&quot;: {},
&quot;removable&quot;: &quot;0&quot;,
&quot;rotational&quot;: &quot;0&quot;,
&quot;sas_address&quot;: null,
&quot;sas_device_handle&quot;: null,
&quot;scheduler_mode&quot;: &quot;mq-deadline&quot;,
&quot;sectors&quot;: &quot;0&quot;,
&quot;sectorsize&quot;: &quot;512&quot;,
&quot;size&quot;: &quot;0.00 Bytes&quot;,
&quot;support_discard&quot;: &quot;0&quot;,
&quot;vendor&quot;: null,
&quot;virtual&quot;: 1
},
&quot;nbd2&quot;: {
&quot;holders&quot;: [],
&quot;host&quot;: &quot;&quot;,
&quot;links&quot;: {
&quot;ids&quot;: [],
&quot;labels&quot;: [],
&quot;masters&quot;: [],
&quot;uuids&quot;: []
},
&quot;model&quot;: null,
&quot;partitions&quot;: {},
&quot;removable&quot;: &quot;0&quot;,
&quot;rotational&quot;: &quot;0&quot;,
&quot;sas_address&quot;: null,
&quot;sas_device_handle&quot;: null,
&quot;scheduler_mode&quot;: &quot;mq-deadline&quot;,
&quot;sectors&quot;: &quot;0&quot;,
&quot;sectorsize&quot;: &quot;512&quot;,
&quot;size&quot;: &quot;0.00 Bytes&quot;,
&quot;support_discard&quot;: &quot;0&quot;,
&quot;vendor&quot;: null,
&quot;virtual&quot;: 1
},
&quot;nbd3&quot;: {
&quot;holders&quot;: [],
&quot;host&quot;: &quot;&quot;,
&quot;links&quot;: {
&quot;ids&quot;: [],
&quot;labels&quot;: [],
&quot;masters&quot;: [],
&quot;uuids&quot;: []
},
&quot;model&quot;: null,
&quot;partitions&quot;: {},
&quot;removable&quot;: &quot;0&quot;,
&quot;rotational&quot;: &quot;0&quot;,
&quot;sas_address&quot;: null,
&quot;sas_device_handle&quot;: null,
&quot;scheduler_mode&quot;: &quot;mq-deadline&quot;,
&quot;sectors&quot;: &quot;0&quot;,
&quot;sectorsize&quot;: &quot;512&quot;,
&quot;size&quot;: &quot;0.00 Bytes&quot;,
&quot;support_discard&quot;: &quot;0&quot;,
&quot;vendor&quot;: null,
&quot;virtual&quot;: 1
},
&quot;nbd4&quot;: {
&quot;holders&quot;: [],
&quot;host&quot;: &quot;&quot;,
&quot;links&quot;: {
&quot;ids&quot;: [],
&quot;labels&quot;: [],
&quot;masters&quot;: [],
&quot;uuids&quot;: []
},
&quot;model&quot;: null,
&quot;partitions&quot;: {},
&quot;removable&quot;: &quot;0&quot;,
&quot;rotational&quot;: &quot;0&quot;,
&quot;sas_address&quot;: null,
&quot;sas_device_handle&quot;: null,
&quot;scheduler_mode&quot;: &quot;mq-deadline&quot;,
&quot;sectors&quot;: &quot;0&quot;,
&quot;sectorsize&quot;: &quot;512&quot;,
&quot;size&quot;: &quot;0.00 Bytes&quot;,
&quot;support_discard&quot;: &quot;0&quot;,
&quot;vendor&quot;: null,
&quot;virtual&quot;: 1
},
&quot;nbd5&quot;: {
&quot;holders&quot;: [],
&quot;host&quot;: &quot;&quot;,
&quot;links&quot;: {
&quot;ids&quot;: [],
&quot;labels&quot;: [],
&quot;masters&quot;: [],
&quot;uuids&quot;: []
},
&quot;model&quot;: null,
&quot;partitions&quot;: {},
&quot;removable&quot;: &quot;0&quot;,
&quot;rotational&quot;: &quot;0&quot;,
&quot;sas_address&quot;: null,
&quot;sas_device_handle&quot;: null,
&quot;scheduler_mode&quot;: &quot;mq-deadline&quot;,
&quot;sectors&quot;: &quot;0&quot;,
&quot;sectorsize&quot;: &quot;512&quot;,
&quot;size&quot;: &quot;0.00 Bytes&quot;,
&quot;support_discard&quot;: &quot;0&quot;,
&quot;vendor&quot;: null,
&quot;virtual&quot;: 1
},
&quot;nbd6&quot;: {
&quot;holders&quot;: [],
&quot;host&quot;: &quot;&quot;,
&quot;links&quot;: {
&quot;ids&quot;: [],
&quot;labels&quot;: [],
&quot;masters&quot;: [],
&quot;uuids&quot;: []
},
&quot;model&quot;: null,
&quot;partitions&quot;: {},
&quot;removable&quot;: &quot;0&quot;,
&quot;rotational&quot;: &quot;0&quot;,
&quot;sas_address&quot;: null,
&quot;sas_device_handle&quot;: null,
&quot;scheduler_mode&quot;: &quot;mq-deadline&quot;,
&quot;sectors&quot;: &quot;0&quot;,
&quot;sectorsize&quot;: &quot;512&quot;,
&quot;size&quot;: &quot;0.00 Bytes&quot;,
&quot;support_discard&quot;: &quot;0&quot;,
&quot;vendor&quot;: null,
&quot;virtual&quot;: 1
},
&quot;nbd7&quot;: {
&quot;holders&quot;: [],
&quot;host&quot;: &quot;&quot;,
&quot;links&quot;: {
&quot;ids&quot;: [],
&quot;labels&quot;: [],
&quot;masters&quot;: [],
&quot;uuids&quot;: []
},
&quot;model&quot;: null,
&quot;partitions&quot;: {},
&quot;removable&quot;: &quot;0&quot;,
&quot;rotational&quot;: &quot;0&quot;,
&quot;sas_address&quot;: null,
&quot;sas_device_handle&quot;: null,
&quot;scheduler_mode&quot;: &quot;mq-deadline&quot;,
&quot;sectors&quot;: &quot;0&quot;,
&quot;sectorsize&quot;: &quot;512&quot;,
&quot;size&quot;: &quot;0.00 Bytes&quot;,
&quot;support_discard&quot;: &quot;0&quot;,
&quot;vendor&quot;: null,
&quot;virtual&quot;: 1
},
&quot;nbd8&quot;: {
&quot;holders&quot;: [],
&quot;host&quot;: &quot;&quot;,
&quot;links&quot;: {
&quot;ids&quot;: [],
&quot;labels&quot;: [],
&quot;masters&quot;: [],
&quot;uuids&quot;: []
},
&quot;model&quot;: null,
&quot;partitions&quot;: {},
&quot;removable&quot;: &quot;0&quot;,
&quot;rotational&quot;: &quot;0&quot;,
&quot;sas_address&quot;: null,
&quot;sas_device_handle&quot;: null,
&quot;scheduler_mode&quot;: &quot;mq-deadline&quot;,
&quot;sectors&quot;: &quot;0&quot;,
&quot;sectorsize&quot;: &quot;512&quot;,
&quot;size&quot;: &quot;0.00 Bytes&quot;,
&quot;support_discard&quot;: &quot;0&quot;,
&quot;vendor&quot;: null,
&quot;virtual&quot;: 1
},
&quot;nbd9&quot;: {
&quot;holders&quot;: [],
&quot;host&quot;: &quot;&quot;,
&quot;links&quot;: {
&quot;ids&quot;: [],
&quot;labels&quot;: [],
&quot;masters&quot;: [],
&quot;uuids&quot;: []
},
&quot;model&quot;: null,
&quot;partitions&quot;: {},
&quot;removable&quot;: &quot;0&quot;,
&quot;rotational&quot;: &quot;0&quot;,
&quot;sas_address&quot;: null,
&quot;sas_device_handle&quot;: null,
&quot;scheduler_mode&quot;: &quot;mq-deadline&quot;,
&quot;sectors&quot;: &quot;0&quot;,
&quot;sectorsize&quot;: &quot;512&quot;,
&quot;size&quot;: &quot;0.00 Bytes&quot;,
&quot;support_discard&quot;: &quot;0&quot;,
&quot;vendor&quot;: null,
&quot;virtual&quot;: 1
},
&quot;ram0&quot;: {
&quot;holders&quot;: [],
&quot;host&quot;: &quot;&quot;,
&quot;links&quot;: {
&quot;ids&quot;: [],
&quot;labels&quot;: [],
&quot;masters&quot;: [],
&quot;uuids&quot;: []
},
&quot;model&quot;: null,
&quot;partitions&quot;: {},
&quot;removable&quot;: &quot;0&quot;,
&quot;rotational&quot;: &quot;0&quot;,
&quot;sas_address&quot;: null,
&quot;sas_device_handle&quot;: null,
&quot;scheduler_mode&quot;: &quot;&quot;,
&quot;sectors&quot;: &quot;131072&quot;,
&quot;sectorsize&quot;: &quot;512&quot;,
&quot;size&quot;: &quot;64.00 MB&quot;,
&quot;support_discard&quot;: &quot;0&quot;,
&quot;vendor&quot;: null,
&quot;virtual&quot;: 1
},
&quot;ram1&quot;: {
&quot;holders&quot;: [],
&quot;host&quot;: &quot;&quot;,
&quot;links&quot;: {
&quot;ids&quot;: [],
&quot;labels&quot;: [],
&quot;masters&quot;: [],
&quot;uuids&quot;: []
},
&quot;model&quot;: null,
&quot;partitions&quot;: {},
&quot;removable&quot;: &quot;0&quot;,
&quot;rotational&quot;: &quot;0&quot;,
&quot;sas_address&quot;: null,
&quot;sas_device_handle&quot;: null,
&quot;scheduler_mode&quot;: &quot;&quot;,
&quot;sectors&quot;: &quot;131072&quot;,
&quot;sectorsize&quot;: &quot;512&quot;,
&quot;size&quot;: &quot;64.00 MB&quot;,
&quot;support_discard&quot;: &quot;0&quot;,
&quot;vendor&quot;: null,
&quot;virtual&quot;: 1
},
&quot;ram10&quot;: {
&quot;holders&quot;: [],
&quot;host&quot;: &quot;&quot;,
&quot;links&quot;: {
&quot;ids&quot;: [],
&quot;labels&quot;: [],
&quot;masters&quot;: [],
&quot;uuids&quot;: []
},
&quot;model&quot;: null,
&quot;partitions&quot;: {},
&quot;removable&quot;: &quot;0&quot;,
&quot;rotational&quot;: &quot;0&quot;,
&quot;sas_address&quot;: null,
&quot;sas_device_handle&quot;: null,
&quot;scheduler_mode&quot;: &quot;&quot;,
&quot;sectors&quot;: &quot;131072&quot;,
&quot;sectorsize&quot;: &quot;512&quot;,
&quot;size&quot;: &quot;64.00 MB&quot;,
&quot;support_discard&quot;: &quot;0&quot;,
&quot;vendor&quot;: null,
&quot;virtual&quot;: 1
},
&quot;ram11&quot;: {
&quot;holders&quot;: [],
&quot;host&quot;: &quot;&quot;,
&quot;links&quot;: {
&quot;ids&quot;: [],
&quot;labels&quot;: [],
&quot;masters&quot;: [],
&quot;uuids&quot;: []
},
&quot;model&quot;: null,
&quot;partitions&quot;: {},
&quot;removable&quot;: &quot;0&quot;,
&quot;rotational&quot;: &quot;0&quot;,
&quot;sas_address&quot;: null,
&quot;sas_device_handle&quot;: null,
&quot;scheduler_mode&quot;: &quot;&quot;,
&quot;sectors&quot;: &quot;131072&quot;,
&quot;sectorsize&quot;: &quot;512&quot;,
&quot;size&quot;: &quot;64.00 MB&quot;,
&quot;support_discard&quot;: &quot;0&quot;,
&quot;vendor&quot;: null,
&quot;virtual&quot;: 1
},
&quot;ram12&quot;: {
&quot;holders&quot;: [],
&quot;host&quot;: &quot;&quot;,
&quot;links&quot;: {
&quot;ids&quot;: [],
&quot;labels&quot;: [],
&quot;masters&quot;: [],
&quot;uuids&quot;: []
},
&quot;model&quot;: null,
&quot;partitions&quot;: {},
&quot;removable&quot;: &quot;0&quot;,
&quot;rotational&quot;: &quot;0&quot;,
&quot;sas_address&quot;: null,
&quot;sas_device_handle&quot;: null,
&quot;scheduler_mode&quot;: &quot;&quot;,
&quot;sectors&quot;: &quot;131072&quot;,
&quot;sectorsize&quot;: &quot;512&quot;,
&quot;size&quot;: &quot;64.00 MB&quot;,
&quot;support_discard&quot;: &quot;0&quot;,
&quot;vendor&quot;: null,
&quot;virtual&quot;: 1
},
&quot;ram13&quot;: {
&quot;holders&quot;: [],
&quot;host&quot;: &quot;&quot;,
&quot;links&quot;: {
&quot;ids&quot;: [],
&quot;labels&quot;: [],
&quot;masters&quot;: [],
&quot;uuids&quot;: []
},
&quot;model&quot;: null,
&quot;partitions&quot;: {},
&quot;removable&quot;: &quot;0&quot;,
&quot;rotational&quot;: &quot;0&quot;,
&quot;sas_address&quot;: null,
&quot;sas_device_handle&quot;: null,
&quot;scheduler_mode&quot;: &quot;&quot;,
&quot;sectors&quot;: &quot;131072&quot;,
&quot;sectorsize&quot;: &quot;512&quot;,
&quot;size&quot;: &quot;64.00 MB&quot;,
&quot;support_discard&quot;: &quot;0&quot;,
&quot;vendor&quot;: null,
&quot;virtual&quot;: 1
},
&quot;ram14&quot;: {
&quot;holders&quot;: [],
&quot;host&quot;: &quot;&quot;,
&quot;links&quot;: {
&quot;ids&quot;: [],
&quot;labels&quot;: [],
&quot;masters&quot;: [],
&quot;uuids&quot;: []
},
&quot;model&quot;: null,
&quot;partitions&quot;: {},
&quot;removable&quot;: &quot;0&quot;,
&quot;rotational&quot;: &quot;0&quot;,
&quot;sas_address&quot;: null,
&quot;sas_device_handle&quot;: null,
&quot;scheduler_mode&quot;: &quot;&quot;,
&quot;sectors&quot;: &quot;131072&quot;,
&quot;sectorsize&quot;: &quot;512&quot;,
&quot;size&quot;: &quot;64.00 MB&quot;,
&quot;support_discard&quot;: &quot;0&quot;,
&quot;vendor&quot;: null,
&quot;virtual&quot;: 1
},
&quot;ram15&quot;: {
&quot;holders&quot;: [],
&quot;host&quot;: &quot;&quot;,
&quot;links&quot;: {
&quot;ids&quot;: [],
&quot;labels&quot;: [],
&quot;masters&quot;: [],
&quot;uuids&quot;: []
},
&quot;model&quot;: null,
&quot;partitions&quot;: {},
&quot;removable&quot;: &quot;0&quot;,
&quot;rotational&quot;: &quot;0&quot;,
&quot;sas_address&quot;: null,
&quot;sas_device_handle&quot;: null,
&quot;scheduler_mode&quot;: &quot;&quot;,
&quot;sectors&quot;: &quot;131072&quot;,
&quot;sectorsize&quot;: &quot;512&quot;,
&quot;size&quot;: &quot;64.00 MB&quot;,
&quot;support_discard&quot;: &quot;0&quot;,
&quot;vendor&quot;: null,
&quot;virtual&quot;: 1
},
&quot;ram2&quot;: {
&quot;holders&quot;: [],
&quot;host&quot;: &quot;&quot;,
&quot;links&quot;: {
&quot;ids&quot;: [],
&quot;labels&quot;: [],
&quot;masters&quot;: [],
&quot;uuids&quot;: []
},
&quot;model&quot;: null,
&quot;partitions&quot;: {},
&quot;removable&quot;: &quot;0&quot;,
&quot;rotational&quot;: &quot;0&quot;,
&quot;sas_address&quot;: null,
&quot;sas_device_handle&quot;: null,
&quot;scheduler_mode&quot;: &quot;&quot;,
&quot;sectors&quot;: &quot;131072&quot;,
&quot;sectorsize&quot;: &quot;512&quot;,
&quot;size&quot;: &quot;64.00 MB&quot;,
&quot;support_discard&quot;: &quot;0&quot;,
&quot;vendor&quot;: null,
&quot;virtual&quot;: 1
},
&quot;ram3&quot;: {
&quot;holders&quot;: [],
&quot;host&quot;: &quot;&quot;,
&quot;links&quot;: {
&quot;ids&quot;: [],
&quot;labels&quot;: [],
&quot;masters&quot;: [],
&quot;uuids&quot;: []
},
&quot;model&quot;: null,
&quot;partitions&quot;: {},
&quot;removable&quot;: &quot;0&quot;,
&quot;rotational&quot;: &quot;0&quot;,
&quot;sas_address&quot;: null,
&quot;sas_device_handle&quot;: null,
&quot;scheduler_mode&quot;: &quot;&quot;,
&quot;sectors&quot;: &quot;131072&quot;,
&quot;sectorsize&quot;: &quot;512&quot;,
&quot;size&quot;: &quot;64.00 MB&quot;,
&quot;support_discard&quot;: &quot;0&quot;,
&quot;vendor&quot;: null,
&quot;virtual&quot;: 1
},
&quot;ram4&quot;: {
&quot;holders&quot;: [],
&quot;host&quot;: &quot;&quot;,
&quot;links&quot;: {
&quot;ids&quot;: [],
&quot;labels&quot;: [],
&quot;masters&quot;: [],
&quot;uuids&quot;: []
},
&quot;model&quot;: null,
&quot;partitions&quot;: {},
&quot;removable&quot;: &quot;0&quot;,
&quot;rotational&quot;: &quot;0&quot;,
&quot;sas_address&quot;: null,
&quot;sas_device_handle&quot;: null,
&quot;scheduler_mode&quot;: &quot;&quot;,
&quot;sectors&quot;: &quot;131072&quot;,
&quot;sectorsize&quot;: &quot;512&quot;,
&quot;size&quot;: &quot;64.00 MB&quot;,
&quot;support_discard&quot;: &quot;0&quot;,
&quot;vendor&quot;: null,
&quot;virtual&quot;: 1
},
&quot;ram5&quot;: {
&quot;holders&quot;: [],
&quot;host&quot;: &quot;&quot;,
&quot;links&quot;: {
&quot;ids&quot;: [],
&quot;labels&quot;: [],
&quot;masters&quot;: [],
&quot;uuids&quot;: []
},
&quot;model&quot;: null,
&quot;partitions&quot;: {},
&quot;removable&quot;: &quot;0&quot;,
&quot;rotational&quot;: &quot;0&quot;,
&quot;sas_address&quot;: null,
&quot;sas_device_handle&quot;: null,
&quot;scheduler_mode&quot;: &quot;&quot;,
&quot;sectors&quot;: &quot;131072&quot;,
&quot;sectorsize&quot;: &quot;512&quot;,
&quot;size&quot;: &quot;64.00 MB&quot;,
&quot;support_discard&quot;: &quot;0&quot;,
&quot;vendor&quot;: null,
&quot;virtual&quot;: 1
},
&quot;ram6&quot;: {
&quot;holders&quot;: [],
&quot;host&quot;: &quot;&quot;,
&quot;links&quot;: {
&quot;ids&quot;: [],
&quot;labels&quot;: [],
&quot;masters&quot;: [],
&quot;uuids&quot;: []
},
&quot;model&quot;: null,
&quot;partitions&quot;: {},
&quot;removable&quot;: &quot;0&quot;,
&quot;rotational&quot;: &quot;0&quot;,
&quot;sas_address&quot;: null,
&quot;sas_device_handle&quot;: null,
&quot;scheduler_mode&quot;: &quot;&quot;,
&quot;sectors&quot;: &quot;131072&quot;,
&quot;sectorsize&quot;: &quot;512&quot;,
&quot;size&quot;: &quot;64.00 MB&quot;,
&quot;support_discard&quot;: &quot;0&quot;,
&quot;vendor&quot;: null,
&quot;virtual&quot;: 1
},
&quot;ram7&quot;: {
&quot;holders&quot;: [],
&quot;host&quot;: &quot;&quot;,
&quot;links&quot;: {
&quot;ids&quot;: [],
&quot;labels&quot;: [],
&quot;masters&quot;: [],
&quot;uuids&quot;: []
},
&quot;model&quot;: null,
&quot;partitions&quot;: {},
&quot;removable&quot;: &quot;0&quot;,
&quot;rotational&quot;: &quot;0&quot;,
&quot;sas_address&quot;: null,
&quot;sas_device_handle&quot;: null,
&quot;scheduler_mode&quot;: &quot;&quot;,
&quot;sectors&quot;: &quot;131072&quot;,
&quot;sectorsize&quot;: &quot;512&quot;,
&quot;size&quot;: &quot;64.00 MB&quot;,
&quot;support_discard&quot;: &quot;0&quot;,
&quot;vendor&quot;: null,
&quot;virtual&quot;: 1
},
&quot;ram8&quot;: {
&quot;holders&quot;: [],
&quot;host&quot;: &quot;&quot;,
&quot;links&quot;: {
&quot;ids&quot;: [],
&quot;labels&quot;: [],
&quot;masters&quot;: [],
&quot;uuids&quot;: []
},
&quot;model&quot;: null,
&quot;partitions&quot;: {},
&quot;removable&quot;: &quot;0&quot;,
&quot;rotational&quot;: &quot;0&quot;,
&quot;sas_address&quot;: null,
&quot;sas_device_handle&quot;: null,
&quot;scheduler_mode&quot;: &quot;&quot;,
&quot;sectors&quot;: &quot;131072&quot;,
&quot;sectorsize&quot;: &quot;512&quot;,
&quot;size&quot;: &quot;64.00 MB&quot;,
&quot;support_discard&quot;: &quot;0&quot;,
&quot;vendor&quot;: null,
&quot;virtual&quot;: 1
},
&quot;ram9&quot;: {
&quot;holders&quot;: [],
&quot;host&quot;: &quot;&quot;,
&quot;links&quot;: {
&quot;ids&quot;: [],
&quot;labels&quot;: [],
&quot;masters&quot;: [],
&quot;uuids&quot;: []
},
&quot;model&quot;: null,
&quot;partitions&quot;: {},
&quot;removable&quot;: &quot;0&quot;,
&quot;rotational&quot;: &quot;0&quot;,
&quot;sas_address&quot;: null,
&quot;sas_device_handle&quot;: null,
&quot;scheduler_mode&quot;: &quot;&quot;,
&quot;sectors&quot;: &quot;131072&quot;,
&quot;sectorsize&quot;: &quot;512&quot;,
&quot;size&quot;: &quot;64.00 MB&quot;,
&quot;support_discard&quot;: &quot;0&quot;,
&quot;vendor&quot;: null,
&quot;virtual&quot;: 1
},
&quot;sr0&quot;: {
&quot;holders&quot;: [],
&quot;host&quot;: &quot;&quot;,
&quot;links&quot;: {
&quot;ids&quot;: [],
&quot;labels&quot;: [],
&quot;masters&quot;: [],
&quot;uuids&quot;: []
},
&quot;model&quot;: &quot;BHYVE DVD-ROM&quot;,
&quot;partitions&quot;: {},
&quot;removable&quot;: &quot;1&quot;,
&quot;rotational&quot;: &quot;1&quot;,
&quot;sas_address&quot;: null,
&quot;sas_device_handle&quot;: null,
&quot;scheduler_mode&quot;: &quot;deadline&quot;,
&quot;sectors&quot;: &quot;830632&quot;,
&quot;sectorsize&quot;: &quot;2048&quot;,
&quot;size&quot;: &quot;405.58 MB&quot;,
&quot;support_discard&quot;: &quot;0&quot;,
&quot;vendor&quot;: &quot;BHYVE&quot;,
&quot;virtual&quot;: 1
},
&quot;sr1&quot;: {
&quot;holders&quot;: [],
&quot;host&quot;: &quot;&quot;,
&quot;links&quot;: {
&quot;ids&quot;: [],
&quot;labels&quot;: [],
&quot;masters&quot;: [],
&quot;uuids&quot;: []
},
&quot;model&quot;: &quot;BHYVE DVD-ROM&quot;,
&quot;partitions&quot;: {},
&quot;removable&quot;: &quot;1&quot;,
&quot;rotational&quot;: &quot;1&quot;,
&quot;sas_address&quot;: null,
&quot;sas_device_handle&quot;: null,
&quot;scheduler_mode&quot;: &quot;deadline&quot;,
&quot;sectors&quot;: &quot;260&quot;,
&quot;sectorsize&quot;: &quot;2048&quot;,
&quot;size&quot;: &quot;130.00 KB&quot;,
&quot;support_discard&quot;: &quot;0&quot;,
&quot;vendor&quot;: &quot;BHYVE&quot;,
&quot;virtual&quot;: 1
},
&quot;sr2&quot;: {
&quot;holders&quot;: [],
&quot;host&quot;: &quot;&quot;,
&quot;links&quot;: {
&quot;ids&quot;: [],
&quot;labels&quot;: [],
&quot;masters&quot;: [],
&quot;uuids&quot;: []
},
&quot;model&quot;: &quot;BHYVE DVD-ROM&quot;,
&quot;partitions&quot;: {},
&quot;removable&quot;: &quot;1&quot;,
&quot;rotational&quot;: &quot;1&quot;,
&quot;sas_address&quot;: null,
&quot;sas_device_handle&quot;: null,
&quot;scheduler_mode&quot;: &quot;deadline&quot;,
&quot;sectors&quot;: &quot;514588&quot;,
&quot;sectorsize&quot;: &quot;2048&quot;,
&quot;size&quot;: &quot;251.26 MB&quot;,
&quot;support_discard&quot;: &quot;0&quot;,
&quot;vendor&quot;: &quot;BHYVE&quot;,
&quot;virtual&quot;: 1
},
&quot;vda&quot;: {
&quot;holders&quot;: [],
&quot;host&quot;: &quot;&quot;,
&quot;links&quot;: {
&quot;ids&quot;: [],
&quot;labels&quot;: [],
&quot;masters&quot;: [],
&quot;uuids&quot;: []
},
&quot;model&quot;: null,
&quot;partitions&quot;: {
&quot;vda1&quot;: {
&quot;holders&quot;: [],
&quot;links&quot;: {
&quot;ids&quot;: [],
&quot;labels&quot;: [],
&quot;masters&quot;: [],
&quot;uuids&quot;: []
},
&quot;sectors&quot;: &quot;124997632&quot;,
&quot;sectorsize&quot;: 512,
&quot;size&quot;: &quot;59.60 GB&quot;,
&quot;start&quot;: &quot;2048&quot;,
&quot;uuid&quot;: null
}
},
&quot;removable&quot;: &quot;0&quot;,
&quot;rotational&quot;: &quot;1&quot;,
&quot;sas_address&quot;: null,
&quot;sas_device_handle&quot;: null,
&quot;scheduler_mode&quot;: &quot;mq-deadline&quot;,
&quot;sectors&quot;: &quot;124999680&quot;,
&quot;sectorsize&quot;: &quot;512&quot;,
&quot;size&quot;: &quot;59.60 GB&quot;,
&quot;support_discard&quot;: &quot;512&quot;,
&quot;vendor&quot;: &quot;0x1af4&quot;,
&quot;virtual&quot;: 1
}
},
&quot;ansible_distribution&quot;: &quot;Ubuntu&quot;,
&quot;ansible_distribution_file_parsed&quot;: true,
&quot;ansible_distribution_file_path&quot;: &quot;/etc/os-release&quot;,
&quot;ansible_distribution_file_variety&quot;: &quot;Debian&quot;,
&quot;ansible_distribution_major_version&quot;: &quot;18&quot;,
&quot;ansible_distribution_release&quot;: &quot;bionic&quot;,
&quot;ansible_distribution_version&quot;: &quot;18.04&quot;,
&quot;ansible_dns&quot;: {
&quot;nameservers&quot;: [
&quot;192.168.65.1&quot;
]
},
&quot;ansible_domain&quot;: &quot;&quot;,
&quot;ansible_effective_group_id&quot;: 0,
&quot;ansible_effective_user_id&quot;: 0,
&quot;ansible_env&quot;: {
&quot;ANSIBLE_CALLBACK_WHITELIST&quot;: &quot;junit&quot;,
&quot;ANSIBLE_COLLECTIONS_PATH&quot;: &quot;/root&quot;,
&quot;ANSIBLE_CONFIG&quot;: &quot;/root/ansible_collections/lvrfrc87/git_acp/tests/output/.tmp/integration/git_acp-2r36hdqx-ÅÑŚÌβŁÈ/tests/integration/integration.cfg&quot;,
&quot;ANSIBLE_DEPRECATION_WARNINGS&quot;: &quot;false&quot;,
&quot;ANSIBLE_DEVEL_WARNING&quot;: &quot;false&quot;,
&quot;ANSIBLE_FORCE_COLOR&quot;: &quot;true&quot;,
&quot;ANSIBLE_FORCE_HANDLERS&quot;: &quot;true&quot;,
&quot;ANSIBLE_HOST_KEY_CHECKING&quot;: &quot;false&quot;,
&quot;ANSIBLE_HOST_PATTERN_MISMATCH&quot;: &quot;error&quot;,
&quot;ANSIBLE_INVENTORY&quot;: &quot;/dev/null&quot;,
&quot;ANSIBLE_LIBRARY&quot;: &quot;/dev/null&quot;,
&quot;ANSIBLE_PLAYBOOK_DIR&quot;: &quot;/root/ansible_collections/lvrfrc87/git_acp/tests/output/.tmp/integration/git_acp-2r36hdqx-ÅÑŚÌβŁÈ/tests/integration&quot;,
&quot;ANSIBLE_PYTHON_INTERPRETER&quot;: &quot;/set/ansible_python_interpreter/in/inventory&quot;,
&quot;ANSIBLE_PYTHON_MODULE_RLIMIT_NOFILE&quot;: &quot;1024&quot;,
&quot;ANSIBLE_RETRY_FILES_ENABLED&quot;: &quot;false&quot;,
&quot;ANSIBLE_ROLES_PATH&quot;: &quot;/root/ansible_collections/lvrfrc87/git_acp/tests/output/.tmp/integration/git_acp-2r36hdqx-ÅÑŚÌβŁÈ/tests/integration/targets&quot;,
&quot;ANSIBLE_TEST_CI&quot;: &quot;&quot;,
&quot;ANSIBLE_TEST_COVERAGE&quot;: &quot;&quot;,
&quot;ANSIBLE_TEST_PYTHON_INTERPRETER&quot;: &quot;/usr/bin/python3.6&quot;,
&quot;ANSIBLE_TEST_PYTHON_VERSION&quot;: &quot;3.6&quot;,
&quot;ANSIBLE_WORKER_SHUTDOWN_POLL_COUNT&quot;: &quot;100&quot;,
&quot;ANSIBLE_WORKER_SHUTDOWN_POLL_DELAY&quot;: &quot;0.1&quot;,
&quot;HOME&quot;: &quot;/root&quot;,
&quot;INVENTORY_PATH&quot;: &quot;/root/ansible_collections/lvrfrc87/git_acp/tests/output/.tmp/integration/git_acp-2r36hdqx-ÅÑŚÌβŁÈ/tests/integration/inventory&quot;,
&quot;JUNIT_OUTPUT_DIR&quot;: &quot;/root/ansible_collections/lvrfrc87/git_acp/tests/output/junit&quot;,
&quot;LC_ALL&quot;: &quot;en_US.UTF-8&quot;,
&quot;OUTPUT_DIR&quot;: &quot;/root/ansible_collections/lvrfrc87/git_acp/tests/output/.tmp/output_dir&quot;,
&quot;PAGER&quot;: &quot;/bin/cat&quot;,
&quot;PATH&quot;: &quot;/tmp/python-nl0wq1rd-ansible:/root/ansible/test/lib/ansible_test/_data/injector:/root/ansible/bin:/usr/local/sbin:/usr/local/bin:/usr/sbin:/usr/bin:/sbin:/bin&quot;,
&quot;PWD&quot;: &quot;/root/ansible_collections/lvrfrc87/git_acp/tests/output/.tmp/integration/git_acp-2r36hdqx-ÅÑŚÌβŁÈ/tests/integration&quot;,
&quot;PYTHONPATH&quot;: &quot;/root/ansible/lib&quot;
},
&quot;ansible_fibre_channel_wwn&quot;: [],
&quot;ansible_fips&quot;: false,
&quot;ansible_form_factor&quot;: &quot;Unknown&quot;,
&quot;ansible_fqdn&quot;: &quot;bade8c0ec2b2&quot;,
&quot;ansible_hostname&quot;: &quot;bade8c0ec2b2&quot;,
&quot;ansible_hostnqn&quot;: &quot;&quot;,
&quot;ansible_is_chroot&quot;: false,
&quot;ansible_iscsi_iqn&quot;: &quot;&quot;,
&quot;ansible_kernel&quot;: &quot;4.19.76-linuxkit&quot;,
&quot;ansible_kernel_version&quot;: &quot;#1 SMP Tue May 26 11:42:35 UTC 2020&quot;,
&quot;ansible_local&quot;: {},
&quot;ansible_lsb&quot;: {
&quot;codename&quot;: &quot;bionic&quot;,
&quot;description&quot;: &quot;Ubuntu 18.04.5 LTS&quot;,
&quot;id&quot;: &quot;Ubuntu&quot;,
&quot;major_release&quot;: &quot;18&quot;,
&quot;release&quot;: &quot;18.04&quot;
},
&quot;ansible_machine&quot;: &quot;x86_64&quot;,
&quot;ansible_machine_id&quot;: &quot;3cea6ff3baae456f997a9f294394509f&quot;,
&quot;ansible_memfree_mb&quot;: 120,
&quot;ansible_memory_mb&quot;: {
&quot;nocache&quot;: {
&quot;free&quot;: 1474,
&quot;used&quot;: 516
},
&quot;real&quot;: {
&quot;free&quot;: 120,
&quot;total&quot;: 1990,
&quot;used&quot;: 1870
},
&quot;swap&quot;: {
&quot;cached&quot;: 0,
&quot;free&quot;: 1023,
&quot;total&quot;: 1023,
&quot;used&quot;: 0
}
},
&quot;ansible_memtotal_mb&quot;: 1990,
&quot;ansible_mounts&quot;: [
{
&quot;block_available&quot;: 12864433,
&quot;block_size&quot;: 4096,
&quot;block_total&quot;: 15313873,
&quot;block_used&quot;: 2449440,
&quot;device&quot;: &quot;/dev/vda1&quot;,
&quot;fstype&quot;: &quot;ext4&quot;,
&quot;inode_available&quot;: 3745439,
&quot;inode_total&quot;: 3907584,
&quot;inode_used&quot;: 162145,
&quot;mount&quot;: &quot;/run&quot;,
&quot;options&quot;: &quot;rw,relatime,bind&quot;,
&quot;size_available&quot;: 52692717568,
&quot;size_total&quot;: 62725623808,
&quot;uuid&quot;: &quot;N/A&quot;
},
{
&quot;block_available&quot;: 12864433,
&quot;block_size&quot;: 4096,
&quot;block_total&quot;: 15313873,
&quot;block_used&quot;: 2449440,
&quot;device&quot;: &quot;/dev/vda1&quot;,
&quot;fstype&quot;: &quot;ext4&quot;,
&quot;inode_available&quot;: 3745439,
&quot;inode_total&quot;: 3907584,
&quot;inode_used&quot;: 162145,
&quot;mount&quot;: &quot;/tmp&quot;,
&quot;options&quot;: &quot;rw,relatime,bind&quot;,
&quot;size_available&quot;: 52692717568,
&quot;size_total&quot;: 62725623808,
&quot;uuid&quot;: &quot;N/A&quot;
},
{
&quot;block_available&quot;: 12864433,
&quot;block_size&quot;: 4096,
&quot;block_total&quot;: 15313873,
&quot;block_used&quot;: 2449440,
&quot;device&quot;: &quot;/dev/vda1&quot;,
&quot;fstype&quot;: &quot;ext4&quot;,
&quot;inode_available&quot;: 3745439,
&quot;inode_total&quot;: 3907584,
&quot;inode_used&quot;: 162145,
&quot;mount&quot;: &quot;/run/lock&quot;,
&quot;options&quot;: &quot;rw,relatime,bind&quot;,
&quot;size_available&quot;: 52692717568,
&quot;size_total&quot;: 62725623808,
&quot;uuid&quot;: &quot;N/A&quot;
},
{
&quot;block_available&quot;: 12864433,
&quot;block_size&quot;: 4096,
&quot;block_total&quot;: 15313873,
&quot;block_used&quot;: 2449440,
&quot;device&quot;: &quot;/dev/vda1&quot;,
&quot;fstype&quot;: &quot;ext4&quot;,
&quot;inode_available&quot;: 3745439,
&quot;inode_total&quot;: 3907584,
&quot;inode_used&quot;: 162145,
&quot;mount&quot;: &quot;/etc/resolv.conf&quot;,
&quot;options&quot;: &quot;rw,relatime,bind&quot;,
&quot;size_available&quot;: 52692717568,
&quot;size_total&quot;: 62725623808,
&quot;uuid&quot;: &quot;N/A&quot;
},
{
&quot;block_available&quot;: 12864433,
&quot;block_size&quot;: 4096,
&quot;block_total&quot;: 15313873,
&quot;block_used&quot;: 2449440,
&quot;device&quot;: &quot;/dev/vda1&quot;,
&quot;fstype&quot;: &quot;ext4&quot;,
&quot;inode_available&quot;: 3745439,
&quot;inode_total&quot;: 3907584,
&quot;inode_used&quot;: 162145,
&quot;mount&quot;: &quot;/etc/hostname&quot;,
&quot;options&quot;: &quot;rw,relatime,bind&quot;,
&quot;size_available&quot;: 52692717568,
&quot;size_total&quot;: 62725623808,
&quot;uuid&quot;: &quot;N/A&quot;
},
{
&quot;block_available&quot;: 12864433,
&quot;block_size&quot;: 4096,
&quot;block_total&quot;: 15313873,
&quot;block_used&quot;: 2449440,
&quot;device&quot;: &quot;/dev/vda1&quot;,
&quot;fstype&quot;: &quot;ext4&quot;,
&quot;inode_available&quot;: 3745439,
&quot;inode_total&quot;: 3907584,
&quot;inode_used&quot;: 162145,
&quot;mount&quot;: &quot;/etc/hosts&quot;,
&quot;options&quot;: &quot;rw,relatime,bind&quot;,
&quot;size_available&quot;: 52692717568,
&quot;size_total&quot;: 62725623808,
&quot;uuid&quot;: &quot;N/A&quot;
}
],
&quot;ansible_nodename&quot;: &quot;bade8c0ec2b2&quot;,
&quot;ansible_os_family&quot;: &quot;Debian&quot;,
&quot;ansible_pkg_mgr&quot;: &quot;apt&quot;,
&quot;ansible_proc_cmdline&quot;: {
&quot;BOOT_IMAGE&quot;: &quot;/boot/kernel&quot;,
&quot;console&quot;: [
&quot;ttyS0&quot;,
&quot;ttyS1&quot;
],
&quot;page_poison&quot;: &quot;1&quot;,
&quot;panic&quot;: &quot;1&quot;,
&quot;root&quot;: &quot;/dev/sr0&quot;,
&quot;text&quot;: true,
&quot;vsyscall&quot;: &quot;emulate&quot;
},
&quot;ansible_processor&quot;: [
&quot;0&quot;,
&quot;GenuineIntel&quot;,
&quot;Intel(R) Core(TM) i7-9750H CPU @ 2.60GHz&quot;,
&quot;1&quot;,
&quot;GenuineIntel&quot;,
&quot;Intel(R) Core(TM) i7-9750H CPU @ 2.60GHz&quot;,
&quot;2&quot;,
&quot;GenuineIntel&quot;,
&quot;Intel(R) Core(TM) i7-9750H CPU @ 2.60GHz&quot;,
&quot;3&quot;,
&quot;GenuineIntel&quot;,
&quot;Intel(R) Core(TM) i7-9750H CPU @ 2.60GHz&quot;,
&quot;4&quot;,
&quot;GenuineIntel&quot;,
&quot;Intel(R) Core(TM) i7-9750H CPU @ 2.60GHz&quot;,
&quot;5&quot;,
&quot;GenuineIntel&quot;,
&quot;Intel(R) Core(TM) i7-9750H CPU @ 2.60GHz&quot;
],
&quot;ansible_processor_cores&quot;: 1,
&quot;ansible_processor_count&quot;: 6,
&quot;ansible_processor_nproc&quot;: 6,
&quot;ansible_processor_threads_per_core&quot;: 1,
&quot;ansible_processor_vcpus&quot;: 6,
&quot;ansible_product_name&quot;: &quot;BHYVE&quot;,
&quot;ansible_product_serial&quot;: &quot;None&quot;,
&quot;ansible_product_uuid&quot;: &quot;22914a20-0000-0000-b053-9b127ca602ab&quot;,
&quot;ansible_product_version&quot;: &quot;1.0&quot;,
&quot;ansible_python&quot;: {
&quot;executable&quot;: &quot;/tmp/python-nl0wq1rd-ansible/python&quot;,
&quot;has_sslcontext&quot;: true,
&quot;type&quot;: &quot;cpython&quot;,
&quot;version&quot;: {
&quot;major&quot;: 3,
&quot;micro&quot;: 9,
&quot;minor&quot;: 6,
&quot;releaselevel&quot;: &quot;final&quot;,
&quot;serial&quot;: 0
},
&quot;version_info&quot;: [
3,
6,
9,
&quot;final&quot;,
0
]
},
&quot;ansible_python_version&quot;: &quot;3.6.9&quot;,
&quot;ansible_real_group_id&quot;: 0,
&quot;ansible_real_user_id&quot;: 0,
&quot;ansible_selinux&quot;: {
&quot;status&quot;: &quot;Missing selinux Python library&quot;
},
&quot;ansible_selinux_python_present&quot;: false,
&quot;ansible_service_mgr&quot;: &quot;systemd&quot;,
&quot;ansible_ssh_host_key_ecdsa_public&quot;: &quot;AAAAE2VjZHNhLXNoYTItbmlzdHAyNTYAAAAIbmlzdHAyNTYAAABBBEK/H4coT0s2aKOlDONMiFM0vkXTItQc8r8U6pmU58aq7LEl+/TPXYTKFY5aCbMg0gxmZnCeHPYTH6mOnwcP8KE=&quot;,
&quot;ansible_ssh_host_key_ecdsa_public_keytype&quot;: &quot;ecdsa-sha2-nistp256&quot;,
&quot;ansible_ssh_host_key_ed25519_public&quot;: &quot;AAAAC3NzaC1lZDI1NTE5AAAAIEi05km8kD+0dhxvT3cUNM40VPGXlFXQ7ol8g570+SxG&quot;,
&quot;ansible_ssh_host_key_ed25519_public_keytype&quot;: &quot;ssh-ed25519&quot;,
&quot;ansible_ssh_host_key_rsa_public&quot;: &quot;AAAAB3NzaC1yc2EAAAADAQABAAABAQDQNOKD23L5eah1+VhVMcMN9MaMLur4ykAbcABs+Q5ZCCmDn4hstIO685Z46bGe8D9NEzCEsmXr6kh3/S2ZMKUv6Hbj4kYJZdjg2tfDiqSt1K+MuNHoo/xQCAvuskPsd5w6qbAxzIcyGeQ2+VSptAQXkpwJSsf/UVxwppQrZb5s/c9/i+nBiB7zG3QseQMhkY7yCOHdXU172c4nsz4xLII94oKZ3OI65PFiaCY9CUJbqYo+qhjC158vBzY8F+v72PV+JMD8wiRfct1dtdR7qNzdMspbwD4nGl6fxDsNS4r5UGg5C8jHGiveHUHghMsCnoc99tGZhilwEDuUilCxk0pj&quot;,
&quot;ansible_ssh_host_key_rsa_public_keytype&quot;: &quot;ssh-rsa&quot;,
&quot;ansible_swapfree_mb&quot;: 1023,
&quot;ansible_swaptotal_mb&quot;: 1023,
&quot;ansible_system&quot;: &quot;Linux&quot;,
&quot;ansible_system_vendor&quot;: &quot;NA&quot;,
&quot;ansible_uptime_seconds&quot;: 3339,
&quot;ansible_user_dir&quot;: &quot;/root&quot;,
&quot;ansible_user_gecos&quot;: &quot;root&quot;,
&quot;ansible_user_gid&quot;: 0,
&quot;ansible_user_id&quot;: &quot;root&quot;,
&quot;ansible_user_shell&quot;: &quot;/bin/bash&quot;,
&quot;ansible_user_uid&quot;: 0,
&quot;ansible_userspace_architecture&quot;: &quot;x86_64&quot;,
&quot;ansible_userspace_bits&quot;: &quot;64&quot;,
&quot;ansible_virtualization_role&quot;: &quot;guest&quot;,
&quot;ansible_virtualization_type&quot;: &quot;docker&quot;,
&quot;gather_subset&quot;: [
&quot;all&quot;
],
&quot;module_setup&quot;: true
},
&quot;changed&quot;: false,
&quot;deprecations&quot;: [],
&quot;warnings&quot;: []
}</system-out>
		</testcase>
		<testcase classname="/root/ansible_collections/lvrfrc87/git_acp/tests/output/.tmp/integration/git_acp-2r36hdqx-ÅÑŚÌβŁÈ/tests/integration/targets/git_acp/tasks/main.yml:2" name="[testhost] testhost: git_acp : 10000 - SETUP | clone repo. repo=https://{{ user }}:{{ token }}@gitlab.com/networkAutomation/git_test_module.git, dest={{ working_dir }}" time="16.319662">
			<system-out>{
&quot;after&quot;: &quot;660965a032209b8b62e68e30b260df0770821592&quot;,
&quot;before&quot;: null,
&quot;changed&quot;: true
}</system-out>
		</testcase>
		<testcase classname="/root/ansible_collections/lvrfrc87/git_acp/tests/output/.tmp/integration/git_acp-2r36hdqx-ÅÑŚÌβŁÈ/tests/integration/targets/git_acp/tasks/main.yml:7" name="[testhost] testhost: git_acp : 10003 - SETUP | sync repo pull. _raw_params=git -C {{ playbook_dir }} pull" time="0.326531">
			<system-out>{
&quot;changed&quot;: true,
&quot;cmd&quot;: &quot;git -C /root/ansible_collections/lvrfrc87/git_acp/tests/output/.tmp/integration/git_acp-2r36hdqx-ÅÑŚÌβŁÈ/tests/integration pull&quot;,
&quot;delta&quot;: &quot;0:00:00.002888&quot;,
&quot;end&quot;: &quot;2020-10-28 09:12:39.270722&quot;,
&quot;msg&quot;: &quot;non-zero return code&quot;,
&quot;rc&quot;: 128,
&quot;start&quot;: &quot;2020-10-28 09:12:39.267834&quot;,
&quot;stderr&quot;: &quot;fatal: not a git repository (or any of the parent directories): .git&quot;,
&quot;stderr_lines&quot;: [
&quot;fatal: not a git repository (or any of the parent directories): .git&quot;
],
&quot;stdout&quot;: &quot;&quot;,
&quot;stdout_lines&quot;: []
}</system-out>
		</testcase>
		<testcase classname="/root/ansible_collections/lvrfrc87/git_acp/tests/output/.tmp/integration/git_acp-2r36hdqx-ÅÑŚÌβŁÈ/tests/integration/targets/git_acp/tasks/main.yml:11" name="[testhost] testhost: git_acp : 10005 - SETUP | https loca repo ahead. user={{ user }}, token={{ token }}, path={{ playbook_dir }}, branch=master, add=['.'], comment=Local repo ahead, mode=https, url=https://gitlab.com/networkAutomation/git_test_module.git" time="0.329703">
			<system-out>{
&quot;changed&quot;: false,
&quot;command&quot;: &quot;git status --porcelain&quot;,
&quot;msg&quot;: &quot;fatal: not a git repository (or any of the parent directories): .git\n&quot;,
&quot;rc&quot;: 128
}</system-out>
		</testcase>
		<testcase classname="/root/ansible_collections/lvrfrc87/git_acp/tests/output/.tmp/integration/git_acp-2r36hdqx-ÅÑŚÌβŁÈ/tests/integration/targets/git_acp/tasks/main.yml:23" name="[testhost] testhost: git_acp : debug var=result" time="0.027898">
			<system-out>{
    &quot;changed&quot;: false,
    &quot;result&quot;: {
        &quot;changed&quot;: false,
        &quot;command&quot;: &quot;git status --porcelain&quot;,
        &quot;failed&quot;: true,
        &quot;msg&quot;: &quot;fatal: not a git repository (or any of the parent directories): .git\n&quot;,
        &quot;rc&quot;: 128
    }
}</system-out>
		</testcase>
		<testcase classname="/root/ansible_collections/lvrfrc87/git_acp/tests/output/.tmp/integration/git_acp-2r36hdqx-ÅÑŚÌβŁÈ/tests/integration/targets/git_acp/tasks/main.yml:25" name="[testhost] testhost: git_acp : 10010 - SETUP | ssh local repo ahead. path={{ playbook_dir }}, branch=master, add=['.'], comment=Local repo ahead, mode=ssh, url=git@gitlab.com:networkAutomation/git_test_module.git" time="0.178801">
			<system-out>{
&quot;changed&quot;: false,
&quot;command&quot;: &quot;git status --porcelain&quot;,
&quot;msg&quot;: &quot;fatal: not a git repository (or any of the parent directories): .git\n&quot;,
&quot;rc&quot;: 128
}</system-out>
		</testcase>
		<testcase classname="/root/ansible_collections/lvrfrc87/git_acp/tests/output/.tmp/integration/git_acp-2r36hdqx-ÅÑŚÌβŁÈ/tests/integration/targets/git_acp/tasks/main.yml:35" name="[testhost] testhost: git_acp : debug var=result" time="0.032228">
			<system-out>{
    &quot;changed&quot;: false,
    &quot;result&quot;: {
        &quot;changed&quot;: false,
        &quot;command&quot;: &quot;git status --porcelain&quot;,
        &quot;failed&quot;: true,
        &quot;msg&quot;: &quot;fatal: not a git repository (or any of the parent directories): .git\n&quot;,
        &quot;rc&quot;: 128
    }
}</system-out>
		</testcase>
		<testcase classname="/root/ansible_collections/lvrfrc87/git_acp/tests/output/.tmp/integration/git_acp-2r36hdqx-ÅÑŚÌβŁÈ/tests/integration/targets/git_acp/tasks/main.yml:36" name="[testhost] testhost: git_acp : assert that=not result.changed" time="0.035649">
			<system-out>{
    &quot;changed&quot;: false,
    &quot;msg&quot;: &quot;All assertions passed&quot;
}</system-out>
		</testcase>
		<testcase classname="/root/ansible_collections/lvrfrc87/git_acp/tests/output/.tmp/integration/git_acp-2r36hdqx-ÅÑŚÌβŁÈ/tests/integration/targets/git_acp/tasks/main.yml:38" name="[testhost] testhost: git_acp : 10015 - SETUP | sync repo push. user={{ user }}, token={{ token }}, path={{ playbook_dir }}, branch=master, add=['.'], comment=Synch repos, mode=https, url=https://gitlab.com/networkAutomation/git_test_module.git" time="0.181688">
			<system-out>{
&quot;changed&quot;: false,
&quot;command&quot;: &quot;git status --porcelain&quot;,
&quot;msg&quot;: &quot;fatal: not a git repository (or any of the parent directories): .git\n&quot;,
&quot;rc&quot;: 128
}</system-out>
		</testcase>
		<testcase classname="/root/ansible_collections/lvrfrc87/git_acp/tests/output/.tmp/integration/git_acp-2r36hdqx-ÅÑŚÌβŁÈ/tests/integration/targets/git_acp/tasks/main.yml:50" name="[testhost] testhost: git_acp : 10020 - COMMIT | nothing to commit. user={{ user }}, token={{ token }}, path={{ working_dir }}, branch=master, add=['.'], comment=Nothing to commit, mode=https, url=https://gitlab.com/networkAutomation/git_test_module.git" time="0.178229">
			<system-out>{
&quot;changed&quot;: false
}</system-out>
		</testcase>
		<testcase classname="/root/ansible_collections/lvrfrc87/git_acp/tests/output/.tmp/integration/git_acp-2r36hdqx-ÅÑŚÌβŁÈ/tests/integration/targets/git_acp/tasks/main.yml:61" name="[testhost] testhost: git_acp : debug var=result" time="0.033274">
			<system-out>{
    &quot;changed&quot;: false,
    &quot;result&quot;: {
        &quot;changed&quot;: false,
        &quot;failed&quot;: false
    }
}</system-out>
		</testcase>
		<testcase classname="/root/ansible_collections/lvrfrc87/git_acp/tests/output/.tmp/integration/git_acp-2r36hdqx-ÅÑŚÌβŁÈ/tests/integration/targets/git_acp/tasks/main.yml:62" name="[testhost] testhost: git_acp : assert that=not result.changed" time="0.033777">
			<system-out>{
    &quot;changed&quot;: false,
    &quot;msg&quot;: &quot;All assertions passed&quot;
}</system-out>
		</testcase>
		<testcase classname="/root/ansible_collections/lvrfrc87/git_acp/tests/output/.tmp/integration/git_acp-2r36hdqx-ÅÑŚÌβŁÈ/tests/integration/targets/git_acp/tasks/main.yml:64" name="[testhost] testhost: git_acp : 10025 - ADD FAIL | add not exsisting file. user={{ user }}, token={{ token }}, path={{ working_dir }}, branch=master, comment=Add not existing file, add=['i_do_not_exsisit.txt'], mode=https, url=https://gitlab.com/networkAutomation/git_test_module.git" time="0.186505">
			<system-out>{
&quot;changed&quot;: false
}</system-out>
		</testcase>
		<testcase classname="/root/ansible_collections/lvrfrc87/git_acp/tests/output/.tmp/integration/git_acp-2r36hdqx-ÅÑŚÌβŁÈ/tests/integration/targets/git_acp/tasks/main.yml:76" name="[testhost] testhost: git_acp : debug var=result" time="0.035465">
			<system-out>{
    &quot;changed&quot;: false,
    &quot;result&quot;: {
        &quot;changed&quot;: false,
        &quot;failed&quot;: false
    }
}</system-out>
		</testcase>
		<testcase classname="/root/ansible_collections/lvrfrc87/git_acp/tests/output/.tmp/integration/git_acp-2r36hdqx-ÅÑŚÌβŁÈ/tests/integration/targets/git_acp/tasks/main.yml:77" name="[testhost] testhost: git_acp : assert that=not result.changed" time="0.034875">
			<system-out>{
    &quot;changed&quot;: false,
    &quot;msg&quot;: &quot;All assertions passed&quot;
}</system-out>
		</testcase>
		<testcase classname="/root/ansible_collections/lvrfrc87/git_acp/tests/output/.tmp/integration/git_acp-2r36hdqx-ÅÑŚÌβŁÈ/tests/integration/targets/git_acp/tasks/main.yml:79" name="[testhost] testhost: git_acp : 10030 - SETUP | set first random file name. file1={{ lookup('pipe','date +%s%N') }}.txt" time="0.042050">
			<system-out>{
&quot;ansible_facts&quot;: {
&quot;file1&quot;: &quot;1603876360831188756.txt&quot;
},
&quot;changed&quot;: false
}</system-out>
		</testcase>
		<testcase classname="/root/ansible_collections/lvrfrc87/git_acp/tests/output/.tmp/integration/git_acp-2r36hdqx-ÅÑŚÌβŁÈ/tests/integration/targets/git_acp/tasks/main.yml:83" name="[testhost] testhost: git_acp : 10033 - SETUP | touch file1. path={{ working_dir }}/{{ item }}, state=touch" time="0.347116">
			<system-out>{
&quot;changed&quot;: true,
&quot;msg&quot;: &quot;All items completed&quot;,
&quot;results&quot;: [
{
&quot;ansible_loop_var&quot;: &quot;item&quot;,
&quot;changed&quot;: true,
&quot;dest&quot;: &quot;/root/git_acp_test//1603876360831188756.txt&quot;,
&quot;diff&quot;: {
&quot;after&quot;: {
&quot;atime&quot;: 1603876361.1834786,
&quot;mtime&quot;: 1603876361.1834786,
&quot;path&quot;: &quot;/root/git_acp_test//1603876360831188756.txt&quot;,
&quot;state&quot;: &quot;touch&quot;
},
&quot;before&quot;: {
&quot;atime&quot;: 1603876361.182337,
&quot;mtime&quot;: 1603876361.182337,
&quot;path&quot;: &quot;/root/git_acp_test//1603876360831188756.txt&quot;,
&quot;state&quot;: &quot;absent&quot;
}
},
&quot;failed&quot;: false,
&quot;gid&quot;: 0,
&quot;group&quot;: &quot;root&quot;,
&quot;invocation&quot;: {
&quot;module_args&quot;: {
&quot;_diff_peek&quot;: null,
&quot;_original_basename&quot;: null,
&quot;access_time&quot;: null,
&quot;access_time_format&quot;: &quot;%Y%m%d%H%M.%S&quot;,
&quot;attributes&quot;: null,
&quot;follow&quot;: true,
&quot;force&quot;: false,
&quot;group&quot;: null,
&quot;mode&quot;: null,
&quot;modification_time&quot;: null,
&quot;modification_time_format&quot;: &quot;%Y%m%d%H%M.%S&quot;,
&quot;owner&quot;: null,
&quot;path&quot;: &quot;/root/git_acp_test//1603876360831188756.txt&quot;,
&quot;recurse&quot;: false,
&quot;selevel&quot;: null,
&quot;serole&quot;: null,
&quot;setype&quot;: null,
&quot;seuser&quot;: null,
&quot;src&quot;: null,
&quot;state&quot;: &quot;touch&quot;,
&quot;unsafe_writes&quot;: false
}
},
&quot;item&quot;: &quot;1603876360831188756.txt&quot;,
&quot;mode&quot;: &quot;0644&quot;,
&quot;owner&quot;: &quot;root&quot;,
&quot;size&quot;: 0,
&quot;state&quot;: &quot;file&quot;,
&quot;uid&quot;: 0
}
]
}</system-out>
		</testcase>
		<testcase classname="/root/ansible_collections/lvrfrc87/git_acp/tests/output/.tmp/integration/git_acp-2r36hdqx-ÅÑŚÌβŁÈ/tests/integration/targets/git_acp/tasks/main.yml:90" name="[testhost] testhost: git_acp : 10035 - HTTPS | add &quot;1603876360831188756.txt&quot; . user={{ user }}, token={{ token }}, path={{ working_dir }}, branch=master, comment=Add file1., add=['.'], mode=https, url=https://gitlab.com/networkAutomation/git_test_module.git, user_name=lvrfrc87, user_email=lvrfrc87@gmail.com" time="3.805215">
			<system-out>{
&quot;changed&quot;: true,
&quot;git_commit&quot;: &quot;[master c67733d] Add file1.\n 1 file changed, 0 insertions(+), 0 deletions(-)\n create mode 100644 1603876360831188756.txt\n&quot;,
&quot;git_push&quot;: &quot;To https://gitlab.com/networkAutomation/git_test_module.git\n   660965a..c67733d  master -&gt; master\n&quot;,
&quot;local_user_email&quot;: [
0,
&quot;&quot;,
&quot;&quot;
],
&quot;local_user_name&quot;: [
0,
&quot;&quot;,
&quot;&quot;
]
}</system-out>
		</testcase>
		<testcase classname="/root/ansible_collections/lvrfrc87/git_acp/tests/output/.tmp/integration/git_acp-2r36hdqx-ÅÑŚÌβŁÈ/tests/integration/targets/git_acp/tasks/main.yml:103" name="[testhost] testhost: git_acp : debug var=result" time="0.020317">
			<system-out>{
    &quot;changed&quot;: false,
    &quot;result&quot;: {
        &quot;changed&quot;: true,
        &quot;failed&quot;: false,
        &quot;git_commit&quot;: &quot;[master c67733d] Add file1.\n 1 file changed, 0 insertions(+), 0 deletions(-)\n create mode 100644 1603876360831188756.txt\n&quot;,
        &quot;git_push&quot;: &quot;To https://gitlab.com/networkAutomation/git_test_module.git\n   660965a..c67733d  master -&gt; master\n&quot;,
        &quot;local_user_email&quot;: [
            0,
            &quot;&quot;,
            &quot;&quot;
        ],
        &quot;local_user_name&quot;: [
            0,
            &quot;&quot;,
            &quot;&quot;
        ]
    }
}</system-out>
		</testcase>
		<testcase classname="/root/ansible_collections/lvrfrc87/git_acp/tests/output/.tmp/integration/git_acp-2r36hdqx-ÅÑŚÌβŁÈ/tests/integration/targets/git_acp/tasks/main.yml:104" name="[testhost] testhost: git_acp : assert that=result.changed" time="0.020547">
			<system-out>{
    &quot;changed&quot;: false,
    &quot;msg&quot;: &quot;All assertions passed&quot;
}</system-out>
		</testcase>
		<testcase classname="/root/ansible_collections/lvrfrc87/git_acp/tests/output/.tmp/integration/git_acp-2r36hdqx-ÅÑŚÌβŁÈ/tests/integration/targets/git_acp/tasks/main.yml:106" name="[testhost] testhost: git_acp : 10040 - SETUP | rm file1. path={{ working_dir }}/{{ item }}, state=absent" time="0.180501">
			<system-out>{
&quot;changed&quot;: true,
&quot;msg&quot;: &quot;All items completed&quot;,
&quot;results&quot;: [
{
&quot;ansible_loop_var&quot;: &quot;item&quot;,
&quot;changed&quot;: true,
&quot;diff&quot;: {
&quot;after&quot;: {
&quot;path&quot;: &quot;/root/git_acp_test//1603876360831188756.txt&quot;,
&quot;state&quot;: &quot;absent&quot;
},
&quot;before&quot;: {
&quot;path&quot;: &quot;/root/git_acp_test//1603876360831188756.txt&quot;,
&quot;state&quot;: &quot;file&quot;
}
},
&quot;failed&quot;: false,
&quot;invocation&quot;: {
&quot;module_args&quot;: {
&quot;_diff_peek&quot;: null,
&quot;_original_basename&quot;: null,
&quot;access_time&quot;: null,
&quot;access_time_format&quot;: &quot;%Y%m%d%H%M.%S&quot;,
&quot;attributes&quot;: null,
&quot;follow&quot;: true,
&quot;force&quot;: false,
&quot;group&quot;: null,
&quot;mode&quot;: null,
&quot;modification_time&quot;: null,
&quot;modification_time_format&quot;: &quot;%Y%m%d%H%M.%S&quot;,
&quot;owner&quot;: null,
&quot;path&quot;: &quot;/root/git_acp_test//1603876360831188756.txt&quot;,
&quot;recurse&quot;: false,
&quot;selevel&quot;: null,
&quot;serole&quot;: null,
&quot;setype&quot;: null,
&quot;seuser&quot;: null,
&quot;src&quot;: null,
&quot;state&quot;: &quot;absent&quot;,
&quot;unsafe_writes&quot;: false
}
},
&quot;item&quot;: &quot;1603876360831188756.txt&quot;,
&quot;path&quot;: &quot;/root/git_acp_test//1603876360831188756.txt&quot;,
&quot;state&quot;: &quot;absent&quot;
}
]
}</system-out>
		</testcase>
		<testcase classname="/root/ansible_collections/lvrfrc87/git_acp/tests/output/.tmp/integration/git_acp-2r36hdqx-ÅÑŚÌβŁÈ/tests/integration/targets/git_acp/tasks/main.yml:113" name="[testhost] testhost: git_acp : 10045 - SSH | add &quot;1603876360831188756.txt&quot;. path={{ working_dir }}, branch=master, comment=Add file1., add=['{{ file1 }}'], push_option=ci.skip, mode=ssh, url=git@gitlab.com:networkAutomation/git_test_module.git" time="3.370090">
			<system-out>{
&quot;changed&quot;: true,
&quot;git_commit&quot;: &quot;[master 14d4f3b] Add file1.\n 1 file changed, 0 insertions(+), 0 deletions(-)\n delete mode 100644 1603876360831188756.txt\n&quot;,
&quot;git_push&quot;: &quot;To https://gitlab.com/networkAutomation/git_test_module.git\n   c67733d..14d4f3b  master -&gt; master\n&quot;
}</system-out>
		</testcase>
		<testcase classname="/root/ansible_collections/lvrfrc87/git_acp/tests/output/.tmp/integration/git_acp-2r36hdqx-ÅÑŚÌβŁÈ/tests/integration/targets/git_acp/tasks/main.yml:123" name="[testhost] testhost: git_acp : debug var=result" time="0.020555">
			<system-out>{
    &quot;changed&quot;: false,
    &quot;result&quot;: {
        &quot;changed&quot;: true,
        &quot;failed&quot;: false,
        &quot;git_commit&quot;: &quot;[master 14d4f3b] Add file1.\n 1 file changed, 0 insertions(+), 0 deletions(-)\n delete mode 100644 1603876360831188756.txt\n&quot;,
        &quot;git_push&quot;: &quot;To https://gitlab.com/networkAutomation/git_test_module.git\n   c67733d..14d4f3b  master -&gt; master\n&quot;
    }
}</system-out>
		</testcase>
		<testcase classname="/root/ansible_collections/lvrfrc87/git_acp/tests/output/.tmp/integration/git_acp-2r36hdqx-ÅÑŚÌβŁÈ/tests/integration/targets/git_acp/tasks/main.yml:124" name="[testhost] testhost: git_acp : assert that=result.changed" time="0.021485">
			<system-out>{
    &quot;changed&quot;: false,
    &quot;msg&quot;: &quot;All assertions passed&quot;
}</system-out>
		</testcase>
		<testcase classname="/root/ansible_collections/lvrfrc87/git_acp/tests/output/.tmp/integration/git_acp-2r36hdqx-ÅÑŚÌβŁÈ/tests/integration/targets/git_acp/tasks/main.yml:126" name="[testhost] testhost: git_acp : 10050 - SETUP | touch file1. path={{ working_dir }}/{{ item }}, state=touch" time="0.180735">
			<system-out>{
&quot;changed&quot;: true,
&quot;msg&quot;: &quot;All items completed&quot;,
&quot;results&quot;: [
{
&quot;ansible_loop_var&quot;: &quot;item&quot;,
&quot;changed&quot;: true,
&quot;dest&quot;: &quot;/root/git_acp_test//1603876360831188756.txt&quot;,
&quot;diff&quot;: {
&quot;after&quot;: {
&quot;atime&quot;: 1603876368.9527752,
&quot;mtime&quot;: 1603876368.9527752,
&quot;path&quot;: &quot;/root/git_acp_test//1603876360831188756.txt&quot;,
&quot;state&quot;: &quot;touch&quot;
},
&quot;before&quot;: {
&quot;atime&quot;: 1603876368.9513366,
&quot;mtime&quot;: 1603876368.9513366,
&quot;path&quot;: &quot;/root/git_acp_test//1603876360831188756.txt&quot;,
&quot;state&quot;: &quot;absent&quot;
}
},
&quot;failed&quot;: false,
&quot;gid&quot;: 0,
&quot;group&quot;: &quot;root&quot;,
&quot;invocation&quot;: {
&quot;module_args&quot;: {
&quot;_diff_peek&quot;: null,
&quot;_original_basename&quot;: null,
&quot;access_time&quot;: null,
&quot;access_time_format&quot;: &quot;%Y%m%d%H%M.%S&quot;,
&quot;attributes&quot;: null,
&quot;follow&quot;: true,
&quot;force&quot;: false,
&quot;group&quot;: null,
&quot;mode&quot;: null,
&quot;modification_time&quot;: null,
&quot;modification_time_format&quot;: &quot;%Y%m%d%H%M.%S&quot;,
&quot;owner&quot;: null,
&quot;path&quot;: &quot;/root/git_acp_test//1603876360831188756.txt&quot;,
&quot;recurse&quot;: false,
&quot;selevel&quot;: null,
&quot;serole&quot;: null,
&quot;setype&quot;: null,
&quot;seuser&quot;: null,
&quot;src&quot;: null,
&quot;state&quot;: &quot;touch&quot;,
&quot;unsafe_writes&quot;: false
}
},
&quot;item&quot;: &quot;1603876360831188756.txt&quot;,
&quot;mode&quot;: &quot;0644&quot;,
&quot;owner&quot;: &quot;root&quot;,
&quot;size&quot;: 0,
&quot;state&quot;: &quot;file&quot;,
&quot;uid&quot;: 0
}
]
}</system-out>
		</testcase>
		<testcase classname="/root/ansible_collections/lvrfrc87/git_acp/tests/output/.tmp/integration/git_acp-2r36hdqx-ÅÑŚÌβŁÈ/tests/integration/targets/git_acp/tasks/main.yml:133" name="[testhost] testhost: git_acp : 10055 - HTTPS | add &quot;1603876360831188756.txt&quot; to remote test_origin. user={{ user }}, token={{ token }}, path={{ working_dir }}, branch=master, comment=Add file1., remote=test_origin, add=['.'], mode=https, url=https://gitlab.com/networkAutomation/git_test_module.git" time="2.788869">
			<system-out>{
&quot;changed&quot;: true,
&quot;git_commit&quot;: &quot;[master 72a81dd] Add file1.\n 1 file changed, 0 insertions(+), 0 deletions(-)\n create mode 100644 1603876360831188756.txt\n&quot;,
&quot;git_push&quot;: &quot;To https://gitlab.com/networkAutomation/git_test_module.git\n   14d4f3b..72a81dd  master -&gt; master\n&quot;
}</system-out>
		</testcase>
		<testcase classname="/root/ansible_collections/lvrfrc87/git_acp/tests/output/.tmp/integration/git_acp-2r36hdqx-ÅÑŚÌβŁÈ/tests/integration/targets/git_acp/tasks/main.yml:146" name="[testhost] testhost: git_acp : debug var=result" time="0.022272">
			<system-out>{
    &quot;changed&quot;: false,
    &quot;result&quot;: {
        &quot;changed&quot;: true,
        &quot;failed&quot;: false,
        &quot;git_commit&quot;: &quot;[master 72a81dd] Add file1.\n 1 file changed, 0 insertions(+), 0 deletions(-)\n create mode 100644 1603876360831188756.txt\n&quot;,
        &quot;git_push&quot;: &quot;To https://gitlab.com/networkAutomation/git_test_module.git\n   14d4f3b..72a81dd  master -&gt; master\n&quot;
    }
}</system-out>
		</testcase>
		<testcase classname="/root/ansible_collections/lvrfrc87/git_acp/tests/output/.tmp/integration/git_acp-2r36hdqx-ÅÑŚÌβŁÈ/tests/integration/targets/git_acp/tasks/main.yml:147" name="[testhost] testhost: git_acp : assert that=result.changed" time="0.022268">
			<system-out>{
    &quot;changed&quot;: false,
    &quot;msg&quot;: &quot;All assertions passed&quot;
}</system-out>
		</testcase>
		<testcase classname="/root/ansible_collections/lvrfrc87/git_acp/tests/output/.tmp/integration/git_acp-2r36hdqx-ÅÑŚÌβŁÈ/tests/integration/targets/git_acp/tasks/main.yml:149" name="[testhost] testhost: git_acp : 10060 - SETUP | debug new remote set. _raw_params=git -C &quot;{{ working_dir }}&quot; remote -v" time="0.167826">
			<system-out>{
&quot;changed&quot;: true,
&quot;cmd&quot;: &quot;git -C \&quot;$HOME/git_acp_test/\&quot; remote -v&quot;,
&quot;delta&quot;: &quot;0:00:00.002859&quot;,
&quot;end&quot;: &quot;2020-10-28 09:12:52.030649&quot;,
&quot;rc&quot;: 0,
&quot;start&quot;: &quot;2020-10-28 09:12:52.027790&quot;,
&quot;stderr&quot;: &quot;&quot;,
&quot;stderr_lines&quot;: [],
&quot;stdout&quot;: &quot;origin\thttps://Federico87:_vrM7Fi1UTdFQsib2Tik@gitlab.com/networkAutomation/git_test_module.git (fetch)\norigin\thttps://Federico87:_vrM7Fi1UTdFQsib2Tik@gitlab.com/networkAutomation/git_test_module.git (push)\ntest_origin\thttps://Federico87:_vrM7Fi1UTdFQsib2Tik@gitlab.com/networkAutomation/git_test_module.git (fetch)\ntest_origin\thttps://Federico87:_vrM7Fi1UTdFQsib2Tik@gitlab.com/networkAutomation/git_test_module.git (push)&quot;,
&quot;stdout_lines&quot;: [
&quot;origin\thttps://Federico87:_vrM7Fi1UTdFQsib2Tik@gitlab.com/networkAutomation/git_test_module.git (fetch)&quot;,
&quot;origin\thttps://Federico87:_vrM7Fi1UTdFQsib2Tik@gitlab.com/networkAutomation/git_test_module.git (push)&quot;,
&quot;test_origin\thttps://Federico87:_vrM7Fi1UTdFQsib2Tik@gitlab.com/networkAutomation/git_test_module.git (fetch)&quot;,
&quot;test_origin\thttps://Federico87:_vrM7Fi1UTdFQsib2Tik@gitlab.com/networkAutomation/git_test_module.git (push)&quot;
]
}</system-out>
		</testcase>
		<testcase classname="/root/ansible_collections/lvrfrc87/git_acp/tests/output/.tmp/integration/git_acp-2r36hdqx-ÅÑŚÌβŁÈ/tests/integration/targets/git_acp/tasks/main.yml:152" name="[testhost] testhost: git_acp : debug var=remote" time="0.017673">
			<system-out>{
    &quot;changed&quot;: false,
    &quot;remote&quot;: {
        &quot;changed&quot;: true,
        &quot;cmd&quot;: &quot;git -C \&quot;$HOME/git_acp_test/\&quot; remote -v&quot;,
        &quot;delta&quot;: &quot;0:00:00.002859&quot;,
        &quot;end&quot;: &quot;2020-10-28 09:12:52.030649&quot;,
        &quot;failed&quot;: false,
        &quot;rc&quot;: 0,
        &quot;start&quot;: &quot;2020-10-28 09:12:52.027790&quot;,
        &quot;stderr&quot;: &quot;&quot;,
        &quot;stderr_lines&quot;: [],
        &quot;stdout&quot;: &quot;origin\thttps://Federico87:_vrM7Fi1UTdFQsib2Tik@gitlab.com/networkAutomation/git_test_module.git (fetch)\norigin\thttps://Federico87:_vrM7Fi1UTdFQsib2Tik@gitlab.com/networkAutomation/git_test_module.git (push)\ntest_origin\thttps://Federico87:_vrM7Fi1UTdFQsib2Tik@gitlab.com/networkAutomation/git_test_module.git (fetch)\ntest_origin\thttps://Federico87:_vrM7Fi1UTdFQsib2Tik@gitlab.com/networkAutomation/git_test_module.git (push)&quot;,
        &quot;stdout_lines&quot;: [
            &quot;origin\thttps://Federico87:_vrM7Fi1UTdFQsib2Tik@gitlab.com/networkAutomation/git_test_module.git (fetch)&quot;,
            &quot;origin\thttps://Federico87:_vrM7Fi1UTdFQsib2Tik@gitlab.com/networkAutomation/git_test_module.git (push)&quot;,
            &quot;test_origin\thttps://Federico87:_vrM7Fi1UTdFQsib2Tik@gitlab.com/networkAutomation/git_test_module.git (fetch)&quot;,
            &quot;test_origin\thttps://Federico87:_vrM7Fi1UTdFQsib2Tik@gitlab.com/networkAutomation/git_test_module.git (push)&quot;
        ]
    }
}</system-out>
		</testcase>
		<testcase classname="/root/ansible_collections/lvrfrc87/git_acp/tests/output/.tmp/integration/git_acp-2r36hdqx-ÅÑŚÌβŁÈ/tests/integration/targets/git_acp/tasks/main.yml:153" name="[testhost] testhost: git_acp : assert that='test_origin' in remote.stdout" time="0.021280">
			<system-out>{
    &quot;changed&quot;: false,
    &quot;msg&quot;: &quot;All assertions passed&quot;
}</system-out>
		</testcase>
		<testcase classname="/root/ansible_collections/lvrfrc87/git_acp/tests/output/.tmp/integration/git_acp-2r36hdqx-ÅÑŚÌβŁÈ/tests/integration/targets/git_acp/tasks/main.yml:155" name="[testhost] testhost: git_acp : 10065 - SETUP | rm file1. path={{ working_dir }}/{{ item }}, state=absent" time="0.177074">
			<system-out>{
&quot;changed&quot;: true,
&quot;msg&quot;: &quot;All items completed&quot;,
&quot;results&quot;: [
{
&quot;ansible_loop_var&quot;: &quot;item&quot;,
&quot;changed&quot;: true,
&quot;diff&quot;: {
&quot;after&quot;: {
&quot;path&quot;: &quot;/root/git_acp_test//1603876360831188756.txt&quot;,
&quot;state&quot;: &quot;absent&quot;
},
&quot;before&quot;: {
&quot;path&quot;: &quot;/root/git_acp_test//1603876360831188756.txt&quot;,
&quot;state&quot;: &quot;file&quot;
}
},
&quot;failed&quot;: false,
&quot;invocation&quot;: {
&quot;module_args&quot;: {
&quot;_diff_peek&quot;: null,
&quot;_original_basename&quot;: null,
&quot;access_time&quot;: null,
&quot;access_time_format&quot;: &quot;%Y%m%d%H%M.%S&quot;,
&quot;attributes&quot;: null,
&quot;follow&quot;: true,
&quot;force&quot;: false,
&quot;group&quot;: null,
&quot;mode&quot;: null,
&quot;modification_time&quot;: null,
&quot;modification_time_format&quot;: &quot;%Y%m%d%H%M.%S&quot;,
&quot;owner&quot;: null,
&quot;path&quot;: &quot;/root/git_acp_test//1603876360831188756.txt&quot;,
&quot;recurse&quot;: false,
&quot;selevel&quot;: null,
&quot;serole&quot;: null,
&quot;setype&quot;: null,
&quot;seuser&quot;: null,
&quot;src&quot;: null,
&quot;state&quot;: &quot;absent&quot;,
&quot;unsafe_writes&quot;: false
}
},
&quot;item&quot;: &quot;1603876360831188756.txt&quot;,
&quot;path&quot;: &quot;/root/git_acp_test//1603876360831188756.txt&quot;,
&quot;state&quot;: &quot;absent&quot;
}
]
}</system-out>
		</testcase>
		<testcase classname="/root/ansible_collections/lvrfrc87/git_acp/tests/output/.tmp/integration/git_acp-2r36hdqx-ÅÑŚÌβŁÈ/tests/integration/targets/git_acp/tasks/main.yml:162" name="[testhost] testhost: git_acp : 10070 - SSH | remove &quot;1603876360831188756.txt&quot; to default origin. path={{ working_dir }}, branch=master, comment=Add file1., add=['{{ file1 }}'], push_option=ci.skip, mode=ssh, url=git@gitlab.com:networkAutomation/git_test_module.git" time="2.538327">
			<system-out>{
&quot;changed&quot;: true,
&quot;git_commit&quot;: &quot;[master 6ad17b5] Add file1.\n 1 file changed, 0 insertions(+), 0 deletions(-)\n delete mode 100644 1603876360831188756.txt\n&quot;,
&quot;git_push&quot;: &quot;To https://gitlab.com/networkAutomation/git_test_module.git\n   72a81dd..6ad17b5  master -&gt; master\n&quot;
}</system-out>
		</testcase>
		<testcase classname="/root/ansible_collections/lvrfrc87/git_acp/tests/output/.tmp/integration/git_acp-2r36hdqx-ÅÑŚÌβŁÈ/tests/integration/targets/git_acp/tasks/main.yml:172" name="[testhost] testhost: git_acp : debug var=result" time="0.021780">
			<system-out>{
    &quot;changed&quot;: false,
    &quot;result&quot;: {
        &quot;changed&quot;: true,
        &quot;failed&quot;: false,
        &quot;git_commit&quot;: &quot;[master 6ad17b5] Add file1.\n 1 file changed, 0 insertions(+), 0 deletions(-)\n delete mode 100644 1603876360831188756.txt\n&quot;,
        &quot;git_push&quot;: &quot;To https://gitlab.com/networkAutomation/git_test_module.git\n   72a81dd..6ad17b5  master -&gt; master\n&quot;
    }
}</system-out>
		</testcase>
		<testcase classname="/root/ansible_collections/lvrfrc87/git_acp/tests/output/.tmp/integration/git_acp-2r36hdqx-ÅÑŚÌβŁÈ/tests/integration/targets/git_acp/tasks/main.yml:173" name="[testhost] testhost: git_acp : assert that=result.changed" time="0.020274">
			<system-out>{
    &quot;changed&quot;: false,
    &quot;msg&quot;: &quot;All assertions passed&quot;
}</system-out>
		</testcase>
		<testcase classname="/root/ansible_collections/lvrfrc87/git_acp/tests/output/.tmp/integration/git_acp-2r36hdqx-ÅÑŚÌβŁÈ/tests/integration/targets/git_acp/tasks/main.yml:175" name="[testhost] testhost: git_acp : 10075 - SETUP | debug default remote set. _raw_params=git -C &quot;{{ working_dir }}&quot; remote get-url --all origin" time="0.168397">
			<system-out>{
&quot;changed&quot;: true,
&quot;cmd&quot;: &quot;git -C \&quot;$HOME/git_acp_test/\&quot; remote get-url --all origin&quot;,
&quot;delta&quot;: &quot;0:00:00.002890&quot;,
&quot;end&quot;: &quot;2020-10-28 09:12:55.113993&quot;,
&quot;rc&quot;: 0,
&quot;start&quot;: &quot;2020-10-28 09:12:55.111103&quot;,
&quot;stderr&quot;: &quot;&quot;,
&quot;stderr_lines&quot;: [],
&quot;stdout&quot;: &quot;https://Federico87:_vrM7Fi1UTdFQsib2Tik@gitlab.com/networkAutomation/git_test_module.git&quot;,
&quot;stdout_lines&quot;: [
&quot;https://Federico87:_vrM7Fi1UTdFQsib2Tik@gitlab.com/networkAutomation/git_test_module.git&quot;
]
}</system-out>
		</testcase>
		<testcase classname="/root/ansible_collections/lvrfrc87/git_acp/tests/output/.tmp/integration/git_acp-2r36hdqx-ÅÑŚÌβŁÈ/tests/integration/targets/git_acp/tasks/main.yml:178" name="[testhost] testhost: git_acp : debug var=origin" time="0.018691">
			<system-out>{
    &quot;changed&quot;: false,
    &quot;origin&quot;: &quot;VARIABLE IS NOT DEFINED!: 'origin' is undefined&quot;
}</system-out>
		</testcase>
		<testcase classname="/root/ansible_collections/lvrfrc87/git_acp/tests/output/.tmp/integration/git_acp-2r36hdqx-ÅÑŚÌβŁÈ/tests/integration/targets/git_acp/tasks/main.yml:180" name="[testhost] testhost: git_acp : 10080 - HTTPS | fail because ssh URL. user={{ user }}, token={{ token }}, path={{ working_dir }}, branch=master, comment=fail because ssh URL, add=['.'], mode=https, url=git@gitlab.com:networkAutomation/git_test_module.git" time="0.166868">
			<system-out>{
&quot;changed&quot;: false,
&quot;msg&quot;: &quot;HTTPS mode selected but url (git@gitlab.com:networkAutomation/git_test_module.git) is not HTTPS&quot;
}</system-out>
		</testcase>
		<testcase classname="/root/ansible_collections/lvrfrc87/git_acp/tests/output/.tmp/integration/git_acp-2r36hdqx-ÅÑŚÌβŁÈ/tests/integration/targets/git_acp/tasks/main.yml:192" name="[testhost] testhost: git_acp : debug var=result" time="0.018493">
			<system-out>{
    &quot;changed&quot;: false,
    &quot;result&quot;: {
        &quot;changed&quot;: false,
        &quot;failed&quot;: true,
        &quot;msg&quot;: &quot;HTTPS mode selected but url (git@gitlab.com:networkAutomation/git_test_module.git) is not HTTPS&quot;
    }
}</system-out>
		</testcase>
		<testcase classname="/root/ansible_collections/lvrfrc87/git_acp/tests/output/.tmp/integration/git_acp-2r36hdqx-ÅÑŚÌβŁÈ/tests/integration/targets/git_acp/tasks/main.yml:193" name="[testhost] testhost: git_acp : assert that=not result.changed" time="0.020442">
			<system-out>{
    &quot;changed&quot;: false,
    &quot;msg&quot;: &quot;All assertions passed&quot;
}</system-out>
		</testcase>
		<testcase classname="/root/ansible_collections/lvrfrc87/git_acp/tests/output/.tmp/integration/git_acp-2r36hdqx-ÅÑŚÌβŁÈ/tests/integration/targets/git_acp/tasks/main.yml:195" name="[testhost] testhost: git_acp : 10085 - SSH | fail because https URL. path={{ working_dir }}, branch=master, comment=fail because https URL, add=['.'], mode=ssh, url=https://gitlab.com/networkAutomation/git_test_module.git" time="0.161432">
			<system-out>{
&quot;changed&quot;: false,
&quot;msg&quot;: &quot;SSH mode selected but url (https://gitlab.com/networkAutomation/git_test_module.git) not starting with git@ or ssh://git@&quot;
}</system-out>
		</testcase>
		<testcase classname="/root/ansible_collections/lvrfrc87/git_acp/tests/output/.tmp/integration/git_acp-2r36hdqx-ÅÑŚÌβŁÈ/tests/integration/targets/git_acp/tasks/main.yml:205" name="[testhost] testhost: git_acp : debug var=result" time="0.019764">
			<system-out>{
    &quot;changed&quot;: false,
    &quot;result&quot;: {
        &quot;changed&quot;: false,
        &quot;failed&quot;: true,
        &quot;msg&quot;: &quot;SSH mode selected but url (https://gitlab.com/networkAutomation/git_test_module.git) not starting with git@ or ssh://git@&quot;
    }
}</system-out>
		</testcase>
		<testcase classname="/root/ansible_collections/lvrfrc87/git_acp/tests/output/.tmp/integration/git_acp-2r36hdqx-ÅÑŚÌβŁÈ/tests/integration/targets/git_acp/tasks/main.yml:206" name="[testhost] testhost: git_acp : assert that=not result.changed" time="0.022498">
			<system-out>{
    &quot;changed&quot;: false,
    &quot;msg&quot;: &quot;All assertions passed&quot;
}</system-out>
		</testcase>
		<testcase classname="/root/ansible_collections/lvrfrc87/git_acp/tests/output/.tmp/integration/git_acp-2r36hdqx-ÅÑŚÌβŁÈ/tests/integration/targets/git_acp/tasks/main.yml:208" name="[testhost] testhost: git_acp : 10090 - SSH | fail because ssh:// in GitHub. path={{ working_dir }}, branch=master, comment=fail because ssh in GitHub, add=['.'], mode=ssh, url=ssh://git@github.com:lvrfrc87/git-acp-test.git" time="0.161378">
			<system-out>{
&quot;changed&quot;: false,
&quot;msg&quot;: &quot;GitHub does not support \&quot;ssh://\&quot; URL. Please remove it from url&quot;
}</system-out>
		</testcase>
		<testcase classname="/root/ansible_collections/lvrfrc87/git_acp/tests/output/.tmp/integration/git_acp-2r36hdqx-ÅÑŚÌβŁÈ/tests/integration/targets/git_acp/tasks/main.yml:218" name="[testhost] testhost: git_acp : debug var=result" time="0.018230">
			<system-out>{
    &quot;changed&quot;: false,
    &quot;result&quot;: {
        &quot;changed&quot;: false,
        &quot;failed&quot;: true,
        &quot;msg&quot;: &quot;GitHub does not support \&quot;ssh://\&quot; URL. Please remove it from url&quot;
    }
}</system-out>
		</testcase>
		<testcase classname="/root/ansible_collections/lvrfrc87/git_acp/tests/output/.tmp/integration/git_acp-2r36hdqx-ÅÑŚÌβŁÈ/tests/integration/targets/git_acp/tasks/main.yml:219" name="[testhost] testhost: git_acp : assert that=not result.changed" time="0.021698">
			<system-out>{
    &quot;changed&quot;: false,
    &quot;msg&quot;: &quot;All assertions passed&quot;
}</system-out>
		</testcase>
		<testcase classname="/root/ansible_collections/lvrfrc87/git_acp/tests/output/.tmp/integration/git_acp-2r36hdqx-ÅÑŚÌβŁÈ/tests/integration/targets/git_acp/tasks/main.yml:221" name="[testhost] testhost: git_acp : 10091 - SSH | set user.name and user.email path={{ working_dir }}, branch=master, comment=add user and email only, add=['.'], mode=ssh, url=git@gitlab.com:networkAutomation/git_test_module.git, user_name=test_user, user_email=test_user@git.com" time="0.212915">
			<system-out>{
&quot;changed&quot;: true,
&quot;local_user_email&quot;: [
0,
&quot;&quot;,
&quot;&quot;
],
&quot;local_user_name&quot;: [
0,
&quot;&quot;,
&quot;&quot;
]
}</system-out>
		</testcase>
		<testcase classname="/root/ansible_collections/lvrfrc87/git_acp/tests/output/.tmp/integration/git_acp-2r36hdqx-ÅÑŚÌβŁÈ/tests/integration/targets/git_acp/tasks/main.yml:232" name="[testhost] testhost: git_acp : debug var=result" time="0.017245">
			<system-out>{
    &quot;changed&quot;: false,
    &quot;result&quot;: {
        &quot;changed&quot;: true,
        &quot;failed&quot;: false,
        &quot;local_user_email&quot;: [
            0,
            &quot;&quot;,
            &quot;&quot;
        ],
        &quot;local_user_name&quot;: [
            0,
            &quot;&quot;,
            &quot;&quot;
        ]
    }
}</system-out>
		</testcase>
		<testcase classname="/root/ansible_collections/lvrfrc87/git_acp/tests/output/.tmp/integration/git_acp-2r36hdqx-ÅÑŚÌβŁÈ/tests/integration/targets/git_acp/tasks/main.yml:233" name="[testhost] testhost: git_acp : assert that=result.changed" time="0.022093">
			<system-out>{
    &quot;changed&quot;: false,
    &quot;msg&quot;: &quot;All assertions passed&quot;
}</system-out>
		</testcase>
		<testcase classname="/root/ansible_collections/lvrfrc87/git_acp/tests/output/.tmp/integration/git_acp-2r36hdqx-ÅÑŚÌβŁÈ/tests/integration/targets/git_acp/tasks/main.yml:235" name="[testhost] testhost: git_acp : 10092 - SETUP | debug new user.name. _raw_params=git -C {{ working_dir }} config --local user.name" time="0.168503">
			<system-out>{
&quot;changed&quot;: true,
&quot;cmd&quot;: &quot;git -C $HOME/git_acp_test/ config --local user.name&quot;,
&quot;delta&quot;: &quot;0:00:00.002786&quot;,
&quot;end&quot;: &quot;2020-10-28 09:12:56.398974&quot;,
&quot;rc&quot;: 0,
&quot;start&quot;: &quot;2020-10-28 09:12:56.396188&quot;,
&quot;stderr&quot;: &quot;&quot;,
&quot;stderr_lines&quot;: [],
&quot;stdout&quot;: &quot;test_user&quot;,
&quot;stdout_lines&quot;: [
&quot;test_user&quot;
]
}</system-out>
		</testcase>
		<testcase classname="/root/ansible_collections/lvrfrc87/git_acp/tests/output/.tmp/integration/git_acp-2r36hdqx-ÅÑŚÌβŁÈ/tests/integration/targets/git_acp/tasks/main.yml:238" name="[testhost] testhost: git_acp : debug var=user" time="0.020170">
			<system-out>{
    &quot;changed&quot;: false,
    &quot;user&quot;: {
        &quot;changed&quot;: true,
        &quot;cmd&quot;: &quot;git -C $HOME/git_acp_test/ config --local user.name&quot;,
        &quot;delta&quot;: &quot;0:00:00.002786&quot;,
        &quot;end&quot;: &quot;2020-10-28 09:12:56.398974&quot;,
        &quot;failed&quot;: false,
        &quot;rc&quot;: 0,
        &quot;start&quot;: &quot;2020-10-28 09:12:56.396188&quot;,
        &quot;stderr&quot;: &quot;&quot;,
        &quot;stderr_lines&quot;: [],
        &quot;stdout&quot;: &quot;test_user&quot;,
        &quot;stdout_lines&quot;: [
            &quot;test_user&quot;
        ]
    }
}</system-out>
		</testcase>
		<testcase classname="/root/ansible_collections/lvrfrc87/git_acp/tests/output/.tmp/integration/git_acp-2r36hdqx-ÅÑŚÌβŁÈ/tests/integration/targets/git_acp/tasks/main.yml:239" name="[testhost] testhost: git_acp : assert that='test_user' in user.stdout" time="0.024151">
			<system-out>{
    &quot;changed&quot;: false,
    &quot;msg&quot;: &quot;All assertions passed&quot;
}</system-out>
		</testcase>
		<testcase classname="/root/ansible_collections/lvrfrc87/git_acp/tests/output/.tmp/integration/git_acp-2r36hdqx-ÅÑŚÌβŁÈ/tests/integration/targets/git_acp/tasks/main.yml:241" name="[testhost] testhost: git_acp : 10093 - SETUP | debug new user.email. _raw_params=git -C {{ working_dir }} config --local user.email" time="0.168451">
			<system-out>{
&quot;changed&quot;: true,
&quot;cmd&quot;: &quot;git -C $HOME/git_acp_test/ config --local user.email&quot;,
&quot;delta&quot;: &quot;0:00:00.002775&quot;,
&quot;end&quot;: &quot;2020-10-28 09:12:56.660495&quot;,
&quot;rc&quot;: 0,
&quot;start&quot;: &quot;2020-10-28 09:12:56.657720&quot;,
&quot;stderr&quot;: &quot;&quot;,
&quot;stderr_lines&quot;: [],
&quot;stdout&quot;: &quot;test_user@git.com&quot;,
&quot;stdout_lines&quot;: [
&quot;test_user@git.com&quot;
]
}</system-out>
		</testcase>
		<testcase classname="/root/ansible_collections/lvrfrc87/git_acp/tests/output/.tmp/integration/git_acp-2r36hdqx-ÅÑŚÌβŁÈ/tests/integration/targets/git_acp/tasks/main.yml:244" name="[testhost] testhost: git_acp : debug var=email" time="0.020794">
			<system-out>{
    &quot;changed&quot;: false,
    &quot;email&quot;: {
        &quot;changed&quot;: true,
        &quot;cmd&quot;: &quot;git -C $HOME/git_acp_test/ config --local user.email&quot;,
        &quot;delta&quot;: &quot;0:00:00.002775&quot;,
        &quot;end&quot;: &quot;2020-10-28 09:12:56.660495&quot;,
        &quot;failed&quot;: false,
        &quot;rc&quot;: 0,
        &quot;start&quot;: &quot;2020-10-28 09:12:56.657720&quot;,
        &quot;stderr&quot;: &quot;&quot;,
        &quot;stderr_lines&quot;: [],
        &quot;stdout&quot;: &quot;test_user@git.com&quot;,
        &quot;stdout_lines&quot;: [
            &quot;test_user@git.com&quot;
        ]
    }
}</system-out>
		</testcase>
		<testcase classname="/root/ansible_collections/lvrfrc87/git_acp/tests/output/.tmp/integration/git_acp-2r36hdqx-ÅÑŚÌβŁÈ/tests/integration/targets/git_acp/tasks/main.yml:245" name="[testhost] testhost: git_acp : assert that='test_user@git.com' in email.stdout" time="0.021398">
			<system-out>{
    &quot;changed&quot;: false,
    &quot;msg&quot;: &quot;All assertions passed&quot;
}</system-out>
		</testcase>
		<testcase classname="/root/ansible_collections/lvrfrc87/git_acp/tests/output/.tmp/integration/git_acp-2r36hdqx-ÅÑŚÌβŁÈ/tests/integration/targets/git_acp/tasks/main.yml:247" name="[testhost] testhost: git_acp : 10094 - HTTPS | fail because user_name but not user_mail. user={{ user }}, token={{ token }}, path={{ working_dir }}, branch=master, comment=fail because user_name only, add=['.'], mode=https, user_name=test_user, url=git@gitlab.com:networkAutomation/git_test_module.git" time="0.173115">
			<system-out>{
&quot;changed&quot;: false,
&quot;msg&quot;: &quot;parameters are required together: user_name, user_email&quot;,
&quot;warnings&quot;: [
&quot;The value \&quot;{'cmd': 'git -C $HOME/git_acp_test/ config --local user.name', 'stdout': 'test_user', 'stderr': '', 'rc': 0, 'start': '2020-10-28 09:12:56.396188', 'end': '2020-10-28 09:12:56.398974', 'delta': '0:00:00.002786', 'changed': True, 'stdout_lines': ['test_user'], 'stderr_lines': [], 'failed': False}\&quot; (type dict) was converted to \&quot;\&quot;{'cmd': 'git -C $HOME/git_acp_test/ config --local user.name', 'stdout': 'test_user', 'stderr': '', 'rc': 0, 'start': '2020-10-28 09:12:56.396188', 'end': '2020-10-28 09:12:56.398974', 'delta': '0:00:00.002786', 'changed': True, 'stdout_lines': ['test_user'], 'stderr_lines': [], 'failed': False}\&quot;\&quot; (type string). If this does not look like what you expect, quote the entire value to ensure it does not change.&quot;
]
}</system-out>
		</testcase>
		<testcase classname="/root/ansible_collections/lvrfrc87/git_acp/tests/output/.tmp/integration/git_acp-2r36hdqx-ÅÑŚÌβŁÈ/tests/integration/targets/git_acp/tasks/main.yml:260" name="[testhost] testhost: git_acp : debug var=result" time="0.019690">
			<system-out>{
    &quot;changed&quot;: false,
    &quot;result&quot;: {
        &quot;changed&quot;: false,
        &quot;failed&quot;: true,
        &quot;msg&quot;: &quot;parameters are required together: user_name, user_email&quot;,
        &quot;warnings&quot;: [
            &quot;The value \&quot;{'cmd': 'git -C $HOME/git_acp_test/ config --local user.name', 'stdout': 'test_user', 'stderr': '', 'rc': 0, 'start': '2020-10-28 09:12:56.396188', 'end': '2020-10-28 09:12:56.398974', 'delta': '0:00:00.002786', 'changed': True, 'stdout_lines': ['test_user'], 'stderr_lines': [], 'failed': False}\&quot; (type dict) was converted to \&quot;\&quot;{'cmd': 'git -C $HOME/git_acp_test/ config --local user.name', 'stdout': 'test_user', 'stderr': '', 'rc': 0, 'start': '2020-10-28 09:12:56.396188', 'end': '2020-10-28 09:12:56.398974', 'delta': '0:00:00.002786', 'changed': True, 'stdout_lines': ['test_user'], 'stderr_lines': [], 'failed': False}\&quot;\&quot; (type string). If this does not look like what you expect, quote the entire value to ensure it does not change.&quot;
        ]
    }
}</system-out>
		</testcase>
		<testcase classname="/root/ansible_collections/lvrfrc87/git_acp/tests/output/.tmp/integration/git_acp-2r36hdqx-ÅÑŚÌβŁÈ/tests/integration/targets/git_acp/tasks/main.yml:261" name="[testhost] testhost: git_acp : assert that=not result.changed" time="0.020568">
			<system-out>{
    &quot;changed&quot;: false,
    &quot;msg&quot;: &quot;All assertions passed&quot;
}</system-out>
		</testcase>
		<testcase classname="/root/ansible_collections/lvrfrc87/git_acp/tests/output/.tmp/integration/git_acp-2r36hdqx-ÅÑŚÌβŁÈ/tests/integration/targets/git_acp/tasks/main.yml:263" name="[testhost] testhost: git_acp : 10095 - SETUP | remove test directory. path={{ working_dir }}/test_directory, state=absent" time="0.169814">
			<system-out>{
&quot;changed&quot;: false,
&quot;path&quot;: &quot;/root/git_acp_test//test_directory&quot;,
&quot;state&quot;: &quot;absent&quot;
}</system-out>
		</testcase>
		<testcase classname="/root/ansible_collections/lvrfrc87/git_acp/tests/output/.tmp/integration/git_acp-2r36hdqx-ÅÑŚÌβŁÈ/tests/integration/targets/git_acp/tasks/main.yml:268" name="[testhost] testhost: git_acp : 10100 - SETUP | create test directory. path={{ working_dir }}/test_directory, state=directory" time="0.169968">
			<system-out>{
&quot;changed&quot;: true,
&quot;gid&quot;: 0,
&quot;group&quot;: &quot;root&quot;,
&quot;mode&quot;: &quot;0755&quot;,
&quot;owner&quot;: &quot;root&quot;,
&quot;path&quot;: &quot;/root/git_acp_test//test_directory&quot;,
&quot;size&quot;: 4096,
&quot;state&quot;: &quot;directory&quot;,
&quot;uid&quot;: 0
}</system-out>
		</testcase>
		<testcase classname="/root/ansible_collections/lvrfrc87/git_acp/tests/output/.tmp/integration/git_acp-2r36hdqx-ÅÑŚÌβŁÈ/tests/integration/targets/git_acp/tasks/main.yml:273" name="[testhost] testhost: git_acp : 10105 - SETUP | create local bare repo _raw_params={{ item }}" time="0.329372">
			<system-out>{
&quot;changed&quot;: true,
&quot;msg&quot;: &quot;All items completed&quot;,
&quot;results&quot;: [
{
&quot;ansible_loop_var&quot;: &quot;item&quot;,
&quot;changed&quot;: true,
&quot;cmd&quot;: &quot;git -C $HOME/git_acp_test//test_directory init --bare repo.git&quot;,
&quot;delta&quot;: &quot;0:00:00.003960&quot;,
&quot;end&quot;: &quot;2020-10-28 09:12:57.561371&quot;,
&quot;failed&quot;: false,
&quot;invocation&quot;: {
&quot;module_args&quot;: {
&quot;_raw_params&quot;: &quot;git -C $HOME/git_acp_test//test_directory init --bare repo.git&quot;,
&quot;_uses_shell&quot;: true,
&quot;argv&quot;: null,
&quot;chdir&quot;: null,
&quot;creates&quot;: null,
&quot;executable&quot;: null,
&quot;removes&quot;: null,
&quot;stdin&quot;: null,
&quot;stdin_add_newline&quot;: true,
&quot;strip_empty_ends&quot;: true,
&quot;warn&quot;: true
}
},
&quot;item&quot;: &quot;git -C $HOME/git_acp_test//test_directory init --bare repo.git&quot;,
&quot;rc&quot;: 0,
&quot;start&quot;: &quot;2020-10-28 09:12:57.557411&quot;,
&quot;stderr&quot;: &quot;&quot;,
&quot;stderr_lines&quot;: [],
&quot;stdout&quot;: &quot;Initialized empty Git repository in /root/git_acp_test/test_directory/repo.git/&quot;,
&quot;stdout_lines&quot;: [
&quot;Initialized empty Git repository in /root/git_acp_test/test_directory/repo.git/&quot;
]
},
{
&quot;ansible_loop_var&quot;: &quot;item&quot;,
&quot;changed&quot;: true,
&quot;cmd&quot;: &quot;git -C $HOME/git_acp_test//test_directory clone repo.git -l&quot;,
&quot;delta&quot;: &quot;0:00:00.007327&quot;,
&quot;end&quot;: &quot;2020-10-28 09:12:57.718446&quot;,
&quot;failed&quot;: false,
&quot;invocation&quot;: {
&quot;module_args&quot;: {
&quot;_raw_params&quot;: &quot;git -C $HOME/git_acp_test//test_directory clone repo.git -l&quot;,
&quot;_uses_shell&quot;: true,
&quot;argv&quot;: null,
&quot;chdir&quot;: null,
&quot;creates&quot;: null,
&quot;executable&quot;: null,
&quot;removes&quot;: null,
&quot;stdin&quot;: null,
&quot;stdin_add_newline&quot;: true,
&quot;strip_empty_ends&quot;: true,
&quot;warn&quot;: true
}
},
&quot;item&quot;: &quot;git -C $HOME/git_acp_test//test_directory clone repo.git -l&quot;,
&quot;rc&quot;: 0,
&quot;start&quot;: &quot;2020-10-28 09:12:57.711119&quot;,
&quot;stderr&quot;: &quot;Cloning into 'repo'...\nwarning: You appear to have cloned an empty repository.\ndone.&quot;,
&quot;stderr_lines&quot;: [
&quot;Cloning into 'repo'...&quot;,
&quot;warning: You appear to have cloned an empty repository.&quot;,
&quot;done.&quot;
],
&quot;stdout&quot;: &quot;&quot;,
&quot;stdout_lines&quot;: []
}
]
}</system-out>
		</testcase>
		<testcase classname="/root/ansible_collections/lvrfrc87/git_acp/tests/output/.tmp/integration/git_acp-2r36hdqx-ÅÑŚÌβŁÈ/tests/integration/targets/git_acp/tasks/main.yml:279" name="[testhost] testhost: git_acp : 10110 - SETUP | touch file1. path={{ working_dir }}/test_directory/repo/{{ item }}, state=touch" time="0.175830">
			<system-out>{
&quot;changed&quot;: true,
&quot;msg&quot;: &quot;All items completed&quot;,
&quot;results&quot;: [
{
&quot;ansible_loop_var&quot;: &quot;item&quot;,
&quot;changed&quot;: true,
&quot;dest&quot;: &quot;/root/git_acp_test//test_directory/repo/1603876360831188756.txt&quot;,
&quot;diff&quot;: {
&quot;after&quot;: {
&quot;atime&quot;: 1603876377.9064999,
&quot;mtime&quot;: 1603876377.9064999,
&quot;path&quot;: &quot;/root/git_acp_test//test_directory/repo/1603876360831188756.txt&quot;,
&quot;state&quot;: &quot;touch&quot;
},
&quot;before&quot;: {
&quot;atime&quot;: 1603876377.9056568,
&quot;mtime&quot;: 1603876377.9056568,
&quot;path&quot;: &quot;/root/git_acp_test//test_directory/repo/1603876360831188756.txt&quot;,
&quot;state&quot;: &quot;absent&quot;
}
},
&quot;failed&quot;: false,
&quot;gid&quot;: 0,
&quot;group&quot;: &quot;root&quot;,
&quot;invocation&quot;: {
&quot;module_args&quot;: {
&quot;_diff_peek&quot;: null,
&quot;_original_basename&quot;: null,
&quot;access_time&quot;: null,
&quot;access_time_format&quot;: &quot;%Y%m%d%H%M.%S&quot;,
&quot;attributes&quot;: null,
&quot;follow&quot;: true,
&quot;force&quot;: false,
&quot;group&quot;: null,
&quot;mode&quot;: null,
&quot;modification_time&quot;: null,
&quot;modification_time_format&quot;: &quot;%Y%m%d%H%M.%S&quot;,
&quot;owner&quot;: null,
&quot;path&quot;: &quot;/root/git_acp_test//test_directory/repo/1603876360831188756.txt&quot;,
&quot;recurse&quot;: false,
&quot;selevel&quot;: null,
&quot;serole&quot;: null,
&quot;setype&quot;: null,
&quot;seuser&quot;: null,
&quot;src&quot;: null,
&quot;state&quot;: &quot;touch&quot;,
&quot;unsafe_writes&quot;: false
}
},
&quot;item&quot;: &quot;1603876360831188756.txt&quot;,
&quot;mode&quot;: &quot;0644&quot;,
&quot;owner&quot;: &quot;root&quot;,
&quot;size&quot;: 0,
&quot;state&quot;: &quot;file&quot;,
&quot;uid&quot;: 0
}
]
}</system-out>
		</testcase>
		<testcase classname="/root/ansible_collections/lvrfrc87/git_acp/tests/output/.tmp/integration/git_acp-2r36hdqx-ÅÑŚÌβŁÈ/tests/integration/targets/git_acp/tasks/main.yml:286" name="[testhost] testhost: git_acp : 10110 - LOCAL | push on local repo. path={{ working_dir }}/test_directory/repo, branch=master, comment=Add file1., add=['{{ file1 }}'], mode=local, url={{ working_dir }}/test_directory/repo.git, user_name=lvrfrc87, user_email=lvrfrc87@gmail.com" time="0.202628">
			<system-out>{
&quot;changed&quot;: true,
&quot;git_commit&quot;: &quot;[master (root-commit) 7ef5376] Add file1.\n 1 file changed, 0 insertions(+), 0 deletions(-)\n create mode 100644 1603876360831188756.txt\n&quot;,
&quot;git_push&quot;: &quot;To /root/git_acp_test/test_directory/repo.git\n * [new branch]      master -&gt; master\n&quot;,
&quot;local_user_email&quot;: [
0,
&quot;&quot;,
&quot;&quot;
],
&quot;local_user_name&quot;: [
0,
&quot;&quot;,
&quot;&quot;
]
}</system-out>
		</testcase>
		<testcase classname="/root/ansible_collections/lvrfrc87/git_acp/tests/output/.tmp/integration/git_acp-2r36hdqx-ÅÑŚÌβŁÈ/tests/integration/targets/git_acp/tasks/main.yml:298" name="[testhost] testhost: git_acp : debug var=result" time="0.019637">
			<system-out>{
    &quot;changed&quot;: false,
    &quot;result&quot;: {
        &quot;changed&quot;: true,
        &quot;failed&quot;: false,
        &quot;git_commit&quot;: &quot;[master (root-commit) 7ef5376] Add file1.\n 1 file changed, 0 insertions(+), 0 deletions(-)\n create mode 100644 1603876360831188756.txt\n&quot;,
        &quot;git_push&quot;: &quot;To /root/git_acp_test/test_directory/repo.git\n * [new branch]      master -&gt; master\n&quot;,
        &quot;local_user_email&quot;: [
            0,
            &quot;&quot;,
            &quot;&quot;
        ],
        &quot;local_user_name&quot;: [
            0,
            &quot;&quot;,
            &quot;&quot;
        ]
    }
}</system-out>
		</testcase>
		<testcase classname="/root/ansible_collections/lvrfrc87/git_acp/tests/output/.tmp/integration/git_acp-2r36hdqx-ÅÑŚÌβŁÈ/tests/integration/targets/git_acp/tasks/main.yml:299" name="[testhost] testhost: git_acp : assert that=result.changed" time="0.020875">
			<system-out>{
    &quot;changed&quot;: false,
    &quot;msg&quot;: &quot;All assertions passed&quot;
}</system-out>
		</testcase>
		<testcase classname="/root/ansible_collections/lvrfrc87/git_acp/tests/output/.tmp/integration/git_acp-2r36hdqx-ÅÑŚÌβŁÈ/tests/integration/targets/git_acp/tasks/main.yml:301" name="[testhost] testhost: git_acp : 10115 - LOCAL | fail beacuse push_option path={{ working_dir }}/test_directory/repo, branch=master, comment=Add file1., add=['{{ file1 }}'], mode=local, url={{ working_dir }}/test_directory/repo.git, push_option=ci.skip" time="0.178338">
			<system-out>{
&quot;changed&quot;: false,
&quot;msg&quot;: &quot;\&quot;--push-option\&quot; not supported with mode \&quot;local\&quot;&quot;
}</system-out>
		</testcase>
		<testcase classname="/root/ansible_collections/lvrfrc87/git_acp/tests/output/.tmp/integration/git_acp-2r36hdqx-ÅÑŚÌβŁÈ/tests/integration/targets/git_acp/tasks/main.yml:312" name="[testhost] testhost: git_acp : debug var=result" time="0.019263">
			<system-out>{
    &quot;changed&quot;: false,
    &quot;result&quot;: {
        &quot;changed&quot;: false,
        &quot;failed&quot;: true,
        &quot;msg&quot;: &quot;\&quot;--push-option\&quot; not supported with mode \&quot;local\&quot;&quot;
    }
}</system-out>
		</testcase>
		<testcase classname="/root/ansible_collections/lvrfrc87/git_acp/tests/output/.tmp/integration/git_acp-2r36hdqx-ÅÑŚÌβŁÈ/tests/integration/targets/git_acp/tasks/main.yml:313" name="[testhost] testhost: git_acp : assert that=not result.changed" time="0.022991">
			<system-out>{
    &quot;changed&quot;: false,
    &quot;msg&quot;: &quot;All assertions passed&quot;
}</system-out>
		</testcase>
		<testcase classname="/root/ansible_collections/lvrfrc87/git_acp/tests/output/.tmp/integration/git_acp-2r36hdqx-ÅÑŚÌβŁÈ/tests/integration/targets/git_acp/tasks/main.yml:315" name="[testhost] testhost: git_acp : 10120 - SETUP | delete test file. path={{ working_dir }}/{{ item }}, state=absent" time="0.173168">
			<system-out>{
&quot;changed&quot;: false,
&quot;msg&quot;: &quot;All items completed&quot;,
&quot;results&quot;: [
{
&quot;ansible_loop_var&quot;: &quot;item&quot;,
&quot;changed&quot;: false,
&quot;failed&quot;: false,
&quot;invocation&quot;: {
&quot;module_args&quot;: {
&quot;_diff_peek&quot;: null,
&quot;_original_basename&quot;: null,
&quot;access_time&quot;: null,
&quot;access_time_format&quot;: &quot;%Y%m%d%H%M.%S&quot;,
&quot;attributes&quot;: null,
&quot;follow&quot;: true,
&quot;force&quot;: false,
&quot;group&quot;: null,
&quot;mode&quot;: null,
&quot;modification_time&quot;: null,
&quot;modification_time_format&quot;: &quot;%Y%m%d%H%M.%S&quot;,
&quot;owner&quot;: null,
&quot;path&quot;: &quot;/root/git_acp_test//1603876360831188756.txt&quot;,
&quot;recurse&quot;: false,
&quot;selevel&quot;: null,
&quot;serole&quot;: null,
&quot;setype&quot;: null,
&quot;seuser&quot;: null,
&quot;src&quot;: null,
&quot;state&quot;: &quot;absent&quot;,
&quot;unsafe_writes&quot;: false
}
},
&quot;item&quot;: &quot;1603876360831188756.txt&quot;,
&quot;path&quot;: &quot;/root/git_acp_test//1603876360831188756.txt&quot;,
&quot;state&quot;: &quot;absent&quot;
}
]
}</system-out>
		</testcase>
	</testsuite>
</testsuites>
